Arguments: 
  /Users/bensheng/.nvm/versions/node/v16.15.1/bin/node /Users/bensheng/.nvm/versions/node/v16.15.1/bin/yarn add aframe

PATH: 
  /Users/bensheng/miniconda3/bin:/Users/bensheng/.nvm/versions/node/v16.15.1/bin:/usr/local/bin/node:/usr/local/bin/python3.10:/usr/local/bin:/usr/bin:/bin:/usr/sbin:/sbin

Yarn version: 
  1.22.19

Node version: 
  16.15.1

Platform: 
  darwin x64

Trace: 
  Error: https://github.com/ngokevin/debug: ESOCKETTIMEDOUT
      at ClientRequest.<anonymous> (/Users/bensheng/.nvm/versions/node/v16.15.1/lib/node_modules/yarn/lib/cli.js:141517:19)
      at Object.onceWrapper (node:events:641:28)
      at ClientRequest.emit (node:events:527:28)
      at TLSSocket.emitRequestTimeout (node:_http_client:771:9)
      at Object.onceWrapper (node:events:641:28)
      at TLSSocket.emit (node:events:539:35)
      at TLSSocket.Socket._onTimeout (node:net:516:8)
      at listOnTimeout (node:internal/timers:559:17)
      at processTimers (node:internal/timers:502:7)

npm manifest: 
  {
      "name": "vite-vue-starter",
      "private": true,
      "version": "0.0.0",
      "type": "module",
      "scripts": {
          "dev": "vite",
          "build": "vite build",
          "preview": "vite preview"
      },
      "dependencies": {
          "@react-three/drei": "^9.80.0",
          "@react-three/fiber": "^8.13.6",
          "aframe-html-shader": "^0.2.0",
          "axios": "^1.4.0",
          "crypto": "^1.0.1",
          "crypto-js": "^4.1.1",
          "element-plus": "^2.3.4",
          "force-graph": "^1.43.1",
          "jwt-decode": "^3.1.2",
          "neo4j-driver": "^5.9.2",
          "pinia": "^2.1.3",
          "three": "^0.154.0",
          "three-stdlib": "^2.23.13",
          "vue": "^3.2.47",
          "vue-router": "^4.2.1",
          "vuetify": "^3.2.2"
      },
      "devDependencies": {
          "@vitejs/plugin-vue": "^4.1.0",
          "less": "^4.1.3",
          "less-loader": "^11.1.1",
          "vite": "^4.3.2"
      }
  }

yarn manifest: 
  No manifest

Lockfile: 
  # THIS IS AN AUTOGENERATED FILE. DO NOT EDIT THIS FILE DIRECTLY.
  # yarn lockfile v1
  
  
  "@babel/parser@^7.16.4":
    version "7.21.4"
    resolved "https://registry.npmmirror.com/@babel/parser/-/parser-7.21.4.tgz#94003fdfc520bbe2875d4ae557b43ddb6d880f17"
    integrity sha512-alVJj7k7zIxqBZ7BTRhz0IqJFxW1VJbm6N8JbcYhQ186df9ZBPbZBmWSqAMXwHGsCJdYks7z/voa3ibiS5bCIw==
  
  "@babel/runtime@^7.11.2", "@babel/runtime@^7.17.8":
    version "7.22.6"
    resolved "https://registry.npmmirror.com/@babel/runtime/-/runtime-7.22.6.tgz#57d64b9ae3cff1d67eb067ae117dac087f5bd438"
    integrity sha512-wDb5pWm4WDdF6LFUde3Jl8WzPA+3ZbxYqkC6xAXuD3irdEHN1k0NfTRrJD8ZD378SJ61miMLCqIOXYhd8x+AJQ==
    dependencies:
      regenerator-runtime "^0.13.11"
  
  "@chevrotain/cst-dts-gen@10.5.0":
    version "10.5.0"
    resolved "https://registry.npmmirror.com/@chevrotain/cst-dts-gen/-/cst-dts-gen-10.5.0.tgz#922ebd8cc59d97241bb01b1b17561a5c1ae0124e"
    integrity sha512-lhmC/FyqQ2o7pGK4Om+hzuDrm9rhFYIJ/AXoQBeongmn870Xeb0L6oGEiuR8nohFNL5sMaQEJWCxr1oIVIVXrw==
    dependencies:
      "@chevrotain/gast" "10.5.0"
      "@chevrotain/types" "10.5.0"
      lodash "4.17.21"
  
  "@chevrotain/gast@10.5.0":
    version "10.5.0"
    resolved "https://registry.npmmirror.com/@chevrotain/gast/-/gast-10.5.0.tgz#e4e614bc46d17a8892742f38e56cd33f1f3ad162"
    integrity sha512-pXdMJ9XeDAbgOWKuD1Fldz4ieCs6+nLNmyVhe2gZVqoO7v8HXuHYs5OV2EzUtbuai37TlOAQHrTDvxMnvMJz3A==
    dependencies:
      "@chevrotain/types" "10.5.0"
      lodash "4.17.21"
  
  "@chevrotain/types@10.5.0":
    version "10.5.0"
    resolved "https://registry.npmmirror.com/@chevrotain/types/-/types-10.5.0.tgz#52a97d74a8cfbc197f054636d93ecd8912d33d21"
    integrity sha512-f1MAia0x/pAVPWH/T73BJVyO2XU5tI4/iE7cnxb7tqdNTNhQI3Uq3XkqcoteTmD4t1aM0LbHCJOhgIDn07kl2A==
  
  "@chevrotain/utils@10.5.0":
    version "10.5.0"
    resolved "https://registry.npmmirror.com/@chevrotain/utils/-/utils-10.5.0.tgz#0ee36f65b49b447fbac71b9e5af5c5c6c98ac057"
    integrity sha512-hBzuU5+JjB2cqNZyszkDHZgOSrUUT8V3dhgRl8Q9Gp6dAj/H5+KILGjbhDpc3Iy9qmqlm/akuOI2ut9VUtzJxQ==
  
  "@ctrl/tinycolor@^3.4.1":
    version "3.6.0"
    resolved "https://registry.npmmirror.com/@ctrl/tinycolor/-/tinycolor-3.6.0.tgz#53fa5fe9c34faee89469e48f91d51a3766108bc8"
    integrity sha512-/Z3l6pXthq0JvMYdUFyX9j0MaCltlIn6mfh9jLyQwg5aPKxkyNa0PTHtU1AlFXLNk55ZuAeJRcpvq+tmLfKmaQ==
  
  "@element-plus/icons-vue@^2.0.6":
    version "2.1.0"
    resolved "https://registry.npmmirror.com/@element-plus/icons-vue/-/icons-vue-2.1.0.tgz#7ad90d08a8c0d5fd3af31c4f73264ca89614397a"
    integrity sha512-PSBn3elNoanENc1vnCfh+3WA9fimRC7n+fWkf3rE5jvv+aBohNHABC/KAR5KWPecxWxDTVT1ERpRbOMRcOV/vA==
  
  "@esbuild/android-arm64@0.17.18":
    version "0.17.18"
    resolved "https://registry.npmmirror.com/@esbuild/android-arm64/-/android-arm64-0.17.18.tgz#4aa8d8afcffb4458736ca9b32baa97d7cb5861ea"
    integrity sha512-/iq0aK0eeHgSC3z55ucMAHO05OIqmQehiGay8eP5l/5l+iEr4EIbh4/MI8xD9qRFjqzgkc0JkX0LculNC9mXBw==
  
  "@esbuild/android-arm@0.17.18":
    version "0.17.18"
    resolved "https://registry.npmmirror.com/@esbuild/android-arm/-/android-arm-0.17.18.tgz#74a7e95af4ee212ebc9db9baa87c06a594f2a427"
    integrity sha512-EmwL+vUBZJ7mhFCs5lA4ZimpUH3WMAoqvOIYhVQwdIgSpHC8ImHdsRyhHAVxpDYUSm0lWvd63z0XH1IlImS2Qw==
  
  "@esbuild/android-x64@0.17.18":
    version "0.17.18"
    resolved "https://registry.npmmirror.com/@esbuild/android-x64/-/android-x64-0.17.18.tgz#1dcd13f201997c9fe0b204189d3a0da4eb4eb9b6"
    integrity sha512-x+0efYNBF3NPW2Xc5bFOSFW7tTXdAcpfEg2nXmxegm4mJuVeS+i109m/7HMiOQ6M12aVGGFlqJX3RhNdYM2lWg==
  
  "@esbuild/darwin-arm64@0.17.18":
    version "0.17.18"
    resolved "https://registry.npmmirror.com/@esbuild/darwin-arm64/-/darwin-arm64-0.17.18.tgz#444f3b961d4da7a89eb9bd35cfa4415141537c2a"
    integrity sha512-6tY+djEAdF48M1ONWnQb1C+6LiXrKjmqjzPNPWXhu/GzOHTHX2nh8Mo2ZAmBFg0kIodHhciEgUBtcYCAIjGbjQ==
  
  "@esbuild/darwin-x64@0.17.18":
    version "0.17.18"
    resolved "https://registry.npmmirror.com/@esbuild/darwin-x64/-/darwin-x64-0.17.18.tgz#a6da308d0ac8a498c54d62e0b2bfb7119b22d315"
    integrity sha512-Qq84ykvLvya3dO49wVC9FFCNUfSrQJLbxhoQk/TE1r6MjHo3sFF2tlJCwMjhkBVq3/ahUisj7+EpRSz0/+8+9A==
  
  "@esbuild/freebsd-arm64@0.17.18":
    version "0.17.18"
    resolved "https://registry.npmmirror.com/@esbuild/freebsd-arm64/-/freebsd-arm64-0.17.18.tgz#b83122bb468889399d0d63475d5aea8d6829c2c2"
    integrity sha512-fw/ZfxfAzuHfaQeMDhbzxp9mc+mHn1Y94VDHFHjGvt2Uxl10mT4CDavHm+/L9KG441t1QdABqkVYwakMUeyLRA==
  
  "@esbuild/freebsd-x64@0.17.18":
    version "0.17.18"
    resolved "https://registry.npmmirror.com/@esbuild/freebsd-x64/-/freebsd-x64-0.17.18.tgz#af59e0e03fcf7f221b34d4c5ab14094862c9c864"
    integrity sha512-FQFbRtTaEi8ZBi/A6kxOC0V0E9B/97vPdYjY9NdawyLd4Qk5VD5g2pbWN2VR1c0xhzcJm74HWpObPszWC+qTew==
  
  "@esbuild/linux-arm64@0.17.18":
    version "0.17.18"
    resolved "https://registry.npmmirror.com/@esbuild/linux-arm64/-/linux-arm64-0.17.18.tgz#8551d72ba540c5bce4bab274a81c14ed01eafdcf"
    integrity sha512-R7pZvQZFOY2sxUG8P6A21eq6q+eBv7JPQYIybHVf1XkQYC+lT7nDBdC7wWKTrbvMXKRaGudp/dzZCwL/863mZQ==
  
  "@esbuild/linux-arm@0.17.18":
    version "0.17.18"
    resolved "https://registry.npmmirror.com/@esbuild/linux-arm/-/linux-arm-0.17.18.tgz#e09e76e526df4f665d4d2720d28ff87d15cdf639"
    integrity sha512-jW+UCM40LzHcouIaqv3e/oRs0JM76JfhHjCavPxMUti7VAPh8CaGSlS7cmyrdpzSk7A+8f0hiedHqr/LMnfijg==
  
  "@esbuild/linux-ia32@0.17.18":
    version "0.17.18"
    resolved "https://registry.npmmirror.com/@esbuild/linux-ia32/-/linux-ia32-0.17.18.tgz#47878860ce4fe73a36fd8627f5647bcbbef38ba4"
    integrity sha512-ygIMc3I7wxgXIxk6j3V00VlABIjq260i967Cp9BNAk5pOOpIXmd1RFQJQX9Io7KRsthDrQYrtcx7QCof4o3ZoQ==
  
  "@esbuild/linux-loong64@0.17.18":
    version "0.17.18"
    resolved "https://registry.npmmirror.com/@esbuild/linux-loong64/-/linux-loong64-0.17.18.tgz#3f8fbf5267556fc387d20b2e708ce115de5c967a"
    integrity sha512-bvPG+MyFs5ZlwYclCG1D744oHk1Pv7j8psF5TfYx7otCVmcJsEXgFEhQkbhNW8otDHL1a2KDINW20cfCgnzgMQ==
  
  "@esbuild/linux-mips64el@0.17.18":
    version "0.17.18"
    resolved "https://registry.npmmirror.com/@esbuild/linux-mips64el/-/linux-mips64el-0.17.18.tgz#9d896d8f3c75f6c226cbeb840127462e37738226"
    integrity sha512-oVqckATOAGuiUOa6wr8TXaVPSa+6IwVJrGidmNZS1cZVx0HqkTMkqFGD2HIx9H1RvOwFeWYdaYbdY6B89KUMxA==
  
  "@esbuild/linux-ppc64@0.17.18":
    version "0.17.18"
    resolved "https://registry.npmmirror.com/@esbuild/linux-ppc64/-/linux-ppc64-0.17.18.tgz#3d9deb60b2d32c9985bdc3e3be090d30b7472783"
    integrity sha512-3dLlQO+b/LnQNxgH4l9rqa2/IwRJVN9u/bK63FhOPB4xqiRqlQAU0qDU3JJuf0BmaH0yytTBdoSBHrb2jqc5qQ==
  
  "@esbuild/linux-riscv64@0.17.18":
    version "0.17.18"
    resolved "https://registry.npmmirror.com/@esbuild/linux-riscv64/-/linux-riscv64-0.17.18.tgz#8a943cf13fd24ff7ed58aefb940ef178f93386bc"
    integrity sha512-/x7leOyDPjZV3TcsdfrSI107zItVnsX1q2nho7hbbQoKnmoeUWjs+08rKKt4AUXju7+3aRZSsKrJtaRmsdL1xA==
  
  "@esbuild/linux-s390x@0.17.18":
    version "0.17.18"
    resolved "https://registry.npmmirror.com/@esbuild/linux-s390x/-/linux-s390x-0.17.18.tgz#66cb01f4a06423e5496facabdce4f7cae7cb80e5"
    integrity sha512-cX0I8Q9xQkL/6F5zWdYmVf5JSQt+ZfZD2bJudZrWD+4mnUvoZ3TDDXtDX2mUaq6upMFv9FlfIh4Gfun0tbGzuw==
  
  "@esbuild/linux-x64@0.17.18":
    version "0.17.18"
    resolved "https://registry.npmmirror.com/@esbuild/linux-x64/-/linux-x64-0.17.18.tgz#23c26050c6c5d1359c7b774823adc32b3883b6c9"
    integrity sha512-66RmRsPlYy4jFl0vG80GcNRdirx4nVWAzJmXkevgphP1qf4dsLQCpSKGM3DUQCojwU1hnepI63gNZdrr02wHUA==
  
  "@esbuild/netbsd-x64@0.17.18":
    version "0.17.18"
    resolved "https://registry.npmmirror.com/@esbuild/netbsd-x64/-/netbsd-x64-0.17.18.tgz#789a203d3115a52633ff6504f8cbf757f15e703b"
    integrity sha512-95IRY7mI2yrkLlTLb1gpDxdC5WLC5mZDi+kA9dmM5XAGxCME0F8i4bYH4jZreaJ6lIZ0B8hTrweqG1fUyW7jbg==
  
  "@esbuild/openbsd-x64@0.17.18":
    version "0.17.18"
    resolved "https://registry.npmmirror.com/@esbuild/openbsd-x64/-/openbsd-x64-0.17.18.tgz#d7b998a30878f8da40617a10af423f56f12a5e90"
    integrity sha512-WevVOgcng+8hSZ4Q3BKL3n1xTv5H6Nb53cBrtzzEjDbbnOmucEVcZeGCsCOi9bAOcDYEeBZbD2SJNBxlfP3qiA==
  
  "@esbuild/sunos-x64@0.17.18":
    version "0.17.18"
    resolved "https://registry.npmmirror.com/@esbuild/sunos-x64/-/sunos-x64-0.17.18.tgz#ecad0736aa7dae07901ba273db9ef3d3e93df31f"
    integrity sha512-Rzf4QfQagnwhQXVBS3BYUlxmEbcV7MY+BH5vfDZekU5eYpcffHSyjU8T0xucKVuOcdCsMo+Ur5wmgQJH2GfNrg==
  
  "@esbuild/win32-arm64@0.17.18":
    version "0.17.18"
    resolved "https://registry.npmmirror.com/@esbuild/win32-arm64/-/win32-arm64-0.17.18.tgz#58dfc177da30acf956252d7c8ae9e54e424887c4"
    integrity sha512-Kb3Ko/KKaWhjeAm2YoT/cNZaHaD1Yk/pa3FTsmqo9uFh1D1Rfco7BBLIPdDOozrObj2sahslFuAQGvWbgWldAg==
  
  "@esbuild/win32-ia32@0.17.18":
    version "0.17.18"
    resolved "https://registry.npmmirror.com/@esbuild/win32-ia32/-/win32-ia32-0.17.18.tgz#340f6163172b5272b5ae60ec12c312485f69232b"
    integrity sha512-0/xUMIdkVHwkvxfbd5+lfG7mHOf2FRrxNbPiKWg9C4fFrB8H0guClmaM3BFiRUYrznVoyxTIyC/Ou2B7QQSwmw==
  
  "@esbuild/win32-x64@0.17.18":
    version "0.17.18"
    resolved "https://registry.npmmirror.com/@esbuild/win32-x64/-/win32-x64-0.17.18.tgz#3a8e57153905308db357fd02f57c180ee3a0a1fa"
    integrity sha512-qU25Ma1I3NqTSHJUOKi9sAH1/Mzuvlke0ioMJRthLXKm7JiSKVwFghlGbDLOO2sARECGhja4xYfRAZNPAkooYg==
  
  "@floating-ui/core@^1.2.6":
    version "1.2.6"
    resolved "https://registry.npmmirror.com/@floating-ui/core/-/core-1.2.6.tgz#d21ace437cc919cdd8f1640302fa8851e65e75c0"
    integrity sha512-EvYTiXet5XqweYGClEmpu3BoxmsQ4hkj3QaYA6qEnigCWffTP3vNRwBReTdrwDwo7OoJ3wM8Uoe9Uk4n+d4hfg==
  
  "@floating-ui/dom@^1.0.1":
    version "1.2.8"
    resolved "https://registry.npmmirror.com/@floating-ui/dom/-/dom-1.2.8.tgz#aee0f6ccc0787ab8fe741487a6e5e95b7b125375"
    integrity sha512-XLwhYV90MxiHDq6S0rzFZj00fnDM+A1R9jhSioZoMsa7G0Q0i+Q4x40ajR8FHSdYDE1bgjG45mIWe6jtv9UPmg==
    dependencies:
      "@floating-ui/core" "^1.2.6"
  
  "@mediapipe/tasks-vision@0.10.2":
    version "0.10.2"
    resolved "https://registry.npmmirror.com/@mediapipe/tasks-vision/-/tasks-vision-0.10.2.tgz#eae193cf4a5c57baf2b235decde288b5152ee433"
    integrity sha512-d8Q9uRK89ZRWmED2JLI9/blpJcfdbh0iEUuMo8TgkMzNfQBY1/GC0FEJWrairTwHkxIf6Oud1vFBP+aHicWqJA==
  
  "@popperjs/core@npm:@sxzz/popperjs-es@^2.11.7":
    version "2.11.7"
    resolved "https://registry.npmmirror.com/@sxzz/popperjs-es/-/popperjs-es-2.11.7.tgz#a7f69e3665d3da9b115f9e71671dae1b97e13671"
    integrity sha512-Ccy0NlLkzr0Ex2FKvh2X+OyERHXJ88XJ1MXtsI9y9fGexlaXaVTPzBCRBwIxFkORuOb+uBqeu+RqnpgYTEZRUQ==
  
  "@react-spring/animated@~9.6.1":
    version "9.6.1"
    resolved "https://registry.npmmirror.com/@react-spring/animated/-/animated-9.6.1.tgz#ccc626d847cbe346f5f8815d0928183c647eb425"
    integrity sha512-ls/rJBrAqiAYozjLo5EPPLLOb1LM0lNVQcXODTC1SMtS6DbuBCPaKco5svFUQFMP2dso3O+qcC4k9FsKc0KxMQ==
    dependencies:
      "@react-spring/shared" "~9.6.1"
      "@react-spring/types" "~9.6.1"
  
  "@react-spring/core@~9.6.1":
    version "9.6.1"
    resolved "https://registry.npmmirror.com/@react-spring/core/-/core-9.6.1.tgz#ebe07c20682b360b06af116ea24e2b609e778c10"
    integrity sha512-3HAAinAyCPessyQNNXe5W0OHzRfa8Yo5P748paPcmMowZ/4sMfaZ2ZB6e5x5khQI8NusOHj8nquoutd6FRY5WQ==
    dependencies:
      "@react-spring/animated" "~9.6.1"
      "@react-spring/rafz" "~9.6.1"
      "@react-spring/shared" "~9.6.1"
      "@react-spring/types" "~9.6.1"
  
  "@react-spring/rafz@~9.6.1":
    version "9.6.1"
    resolved "https://registry.npmmirror.com/@react-spring/rafz/-/rafz-9.6.1.tgz#d71aafb92b78b24e4ff84639f52745afc285c38d"
    integrity sha512-v6qbgNRpztJFFfSE3e2W1Uz+g8KnIBs6SmzCzcVVF61GdGfGOuBrbjIcp+nUz301awVmREKi4eMQb2Ab2gGgyQ==
  
  "@react-spring/shared@~9.6.1":
    version "9.6.1"
    resolved "https://registry.npmmirror.com/@react-spring/shared/-/shared-9.6.1.tgz#4e2e4296910656c02bd9fd54c559702bc836ac4e"
    integrity sha512-PBFBXabxFEuF8enNLkVqMC9h5uLRBo6GQhRMQT/nRTnemVENimgRd+0ZT4yFnAQ0AxWNiJfX3qux+bW2LbG6Bw==
    dependencies:
      "@react-spring/rafz" "~9.6.1"
      "@react-spring/types" "~9.6.1"
  
  "@react-spring/three@~9.6.1":
    version "9.6.1"
    resolved "https://registry.npmmirror.com/@react-spring/three/-/three-9.6.1.tgz#095fcd1dc6509127c33c14486d88289b89baeb9d"
    integrity sha512-Tyw2YhZPKJAX3t2FcqvpLRb71CyTe1GvT3V+i+xJzfALgpk10uPGdGaQQ5Xrzmok1340DAeg2pR/MCfaW7b8AA==
    dependencies:
      "@react-spring/animated" "~9.6.1"
      "@react-spring/core" "~9.6.1"
      "@react-spring/shared" "~9.6.1"
      "@react-spring/types" "~9.6.1"
  
  "@react-spring/types@~9.6.1":
    version "9.6.1"
    resolved "https://registry.npmmirror.com/@react-spring/types/-/types-9.6.1.tgz#913d3a68c5cbc1124fdb18eff919432f7b6abdde"
    integrity sha512-POu8Mk0hIU3lRXB3bGIGe4VHIwwDsQyoD1F394OK7STTiX9w4dG3cTLljjYswkQN+hDSHRrj4O36kuVa7KPU8Q==
  
  "@react-three/drei@^9.80.0":
    version "9.80.0"
    resolved "https://registry.npmmirror.com/@react-three/drei/-/drei-9.80.0.tgz#b523f2886dd4759cc035fbb609610a969c66808e"
    integrity sha512-quBD0Ap7ygf9Yg94keIQpQNnveNSKoZUge9ybHd6UgE9QTdpfkPF3YgzTJLbDEoZKepCTE9ngpwUgFy+cpL9Pg==
    dependencies:
      "@babel/runtime" "^7.11.2"
      "@mediapipe/tasks-vision" "0.10.2"
      "@react-spring/three" "~9.6.1"
      "@use-gesture/react" "^10.2.24"
      camera-controls "^2.4.2"
      detect-gpu "^5.0.28"
      glsl-noise "^0.0.0"
      lodash.clamp "^4.0.3"
      lodash.omit "^4.5.0"
      lodash.pick "^4.4.0"
      maath "^0.6.0"
      meshline "^3.1.6"
      react-composer "^5.0.3"
      react-merge-refs "^1.1.0"
      stats-gl "^1.0.4"
      stats.js "^0.17.0"
      suspend-react "^0.1.3"
      three-mesh-bvh "^0.6.0"
      three-stdlib "^2.23.9"
      troika-three-text "^0.47.2"
      utility-types "^3.10.0"
      zustand "^3.5.13"
  
  "@react-three/fiber@^8.13.6":
    version "8.13.6"
    resolved "https://registry.npmmirror.com/@react-three/fiber/-/fiber-8.13.6.tgz#6be6e9548e7c70cefa5e250550dd9b1e1698f487"
    integrity sha512-V49lldHcbsC7PMnnf4aYrMpHPQe8R7hJYL0AEFjqwioY0nkwga9A+Jx6lCLVG02DF03xwCfJZv5cjZCChffsWg==
    dependencies:
      "@babel/runtime" "^7.17.8"
      "@types/react-reconciler" "^0.26.7"
      its-fine "^1.0.6"
      react-reconciler "^0.27.0"
      react-use-measure "^2.1.1"
      scheduler "^0.21.0"
      suspend-react "^0.1.3"
      zustand "^3.7.1"
  
  "@tweenjs/tween.js@19":
    version "19.0.0"
    resolved "https://registry.npmmirror.com/@tweenjs/tween.js/-/tween.js-19.0.0.tgz#93d3169f665ddc184c3b1b7a1910bf7df3dfb5da"
    integrity sha512-QVbvSlnP7FcjKr1edg460BbUlpdGzmIOfvpsvHCj3JPIVZ9S9KeQLk9mB24VlDzPIl/a/ehAZPE95xFsmqm+pQ==
  
  "@types/draco3d@^1.4.0":
    version "1.4.2"
    resolved "https://registry.npmmirror.com/@types/draco3d/-/draco3d-1.4.2.tgz#7faccb809db2a5e19b9efb97c5f2eb9d64d527ea"
    integrity sha512-goh23EGr6CLV6aKPwN1p8kBD/7tT5V/bLpToSbarKrwVejqNrspVrv8DhliteYkkhZYrlq/fwKZRRUzH4XN88w==
  
  "@types/lodash-es@^4.17.6":
    version "4.17.7"
    resolved "https://registry.npmmirror.com/@types/lodash-es/-/lodash-es-4.17.7.tgz#22edcae9f44aff08546e71db8925f05b33c7cc40"
    integrity sha512-z0ptr6UI10VlU6l5MYhGwS4mC8DZyYer2mCoyysZtSF7p26zOX8UpbrV0YpNYLGS8K4PUFIyEr62IMFFjveSiQ==
    dependencies:
      "@types/lodash" "*"
  
  "@types/lodash@*", "@types/lodash@^4.14.182":
    version "4.14.194"
    resolved "https://registry.npmmirror.com/@types/lodash/-/lodash-4.14.194.tgz#b71eb6f7a0ff11bff59fc987134a093029258a76"
    integrity sha512-r22s9tAS7imvBt2lyHC9B8AGwWnXaYb1tY09oyLkXDs4vArpYJzw09nj8MLx5VfciBPGIb+ZwG0ssYnEPJxn/g==
  
  "@types/offscreencanvas@^2019.6.4":
    version "2019.7.0"
    resolved "https://registry.npmmirror.com/@types/offscreencanvas/-/offscreencanvas-2019.7.0.tgz#e4a932069db47bb3eabeb0b305502d01586fa90d"
    integrity sha512-PGcyveRIpL1XIqK8eBsmRBt76eFgtzuPiSTyKHZxnGemp2yzGzWpjYKAfK3wIMiU7eH+851yEpiuP8JZerTmWg==
  
  "@types/prop-types@*":
    version "15.7.5"
    resolved "https://registry.npmmirror.com/@types/prop-types/-/prop-types-15.7.5.tgz#5f19d2b85a98e9558036f6a3cacc8819420f05cf"
    integrity sha512-JCB8C6SnDoQf0cNycqd/35A7MjcnK+ZTqE7judS6o7utxUCg6imJg3QK2qzHKszlTjcj2cn+NwMB2i96ubpj7w==
  
  "@types/react-reconciler@^0.26.7":
    version "0.26.7"
    resolved "https://registry.npmmirror.com/@types/react-reconciler/-/react-reconciler-0.26.7.tgz#0c4643f30821ae057e401b0d9037e03e8e9b2a36"
    integrity sha512-mBDYl8x+oyPX/VBb3E638N0B7xG+SPk/EAMcVPeexqus/5aTpTphQi0curhhshOqRrc9t6OPoJfEUkbymse/lQ==
    dependencies:
      "@types/react" "*"
  
  "@types/react-reconciler@^0.28.0":
    version "0.28.2"
    resolved "https://registry.npmmirror.com/@types/react-reconciler/-/react-reconciler-0.28.2.tgz#f16b0e8cc4748af70ca975eaaace0d79582c71fa"
    integrity sha512-8tu6lHzEgYPlfDf/J6GOQdIc+gs+S2yAqlby3zTsB3SP2svlqTYe5fwZNtZyfactP74ShooP2vvi1BOp9ZemWw==
    dependencies:
      "@types/react" "*"
  
  "@types/react@*":
    version "18.2.17"
    resolved "https://registry.npmmirror.com/@types/react/-/react-18.2.17.tgz#baa565b17ddb649c2dac85b5eaf9e9a1fe0f3b4e"
    integrity sha512-u+e7OlgPPh+aryjOm5UJMX32OvB2E3QASOAqVMY6Ahs90djagxwv2ya0IctglNbNTexC12qCSMZG47KPfy1hAA==
    dependencies:
      "@types/prop-types" "*"
      "@types/scheduler" "*"
      csstype "^3.0.2"
  
  "@types/scheduler@*":
    version "0.16.3"
    resolved "https://registry.npmmirror.com/@types/scheduler/-/scheduler-0.16.3.tgz#cef09e3ec9af1d63d2a6cc5b383a737e24e6dcf5"
    integrity sha512-5cJ8CB4yAx7BH1oMvdU0Jh9lrEXyPkar6F9G/ERswkCuvP4KQZfZkSjcMbAICCpQTN4OuZn8tz0HiKv9TGZgrQ==
  
  "@types/web-bluetooth@^0.0.16":
    version "0.0.16"
    resolved "https://registry.npmmirror.com/@types/web-bluetooth/-/web-bluetooth-0.0.16.tgz#1d12873a8e49567371f2a75fe3e7f7edca6662d8"
    integrity sha512-oh8q2Zc32S6gd/j50GowEjKLoOVOwHP/bWVjKJInBwQqdOYMdPrf1oVlelTlyfFK3CKxL1uahMDAr+vy8T7yMQ==
  
  "@types/webxr@^0.5.2":
    version "0.5.2"
    resolved "https://registry.npmmirror.com/@types/webxr/-/webxr-0.5.2.tgz#5d9627b0ffe223aa3b166de7112ac8a9460dc54f"
    integrity sha512-szL74BnIcok9m7QwYtVmQ+EdIKwbjPANudfuvDrAF8Cljg9MKUlIoc1w5tjj9PMpeSH3U1Xnx//czQybJ0EfSw==
  
  "@use-gesture/core@10.2.27":
    version "10.2.27"
    resolved "https://registry.npmmirror.com/@use-gesture/core/-/core-10.2.27.tgz#0f24b17c036cd828ba07e3451ff45e2df959c6f5"
    integrity sha512-V4XV7hn9GAD2MYu8yBBVi5iuWBsAMfjPRMsEVzoTNGYH72tf0kFP+OKqGKc8YJFQIJx6yj+AOqxmEHOmx2/MEA==
  
  "@use-gesture/react@^10.2.24":
    version "10.2.27"
    resolved "https://registry.npmmirror.com/@use-gesture/react/-/react-10.2.27.tgz#7fbd50d14449ec5bc49c9b6cfef8a2845f5e0608"
    integrity sha512-7E5vnWCxeslWlxwZ8uKIcnUZVMTRMZ8cvSnLLKF1NkyNb3PnNiAzoXM4G1vTKJKRhgOTeI6wK1YsEpwo9ABV5w==
    dependencies:
      "@use-gesture/core" "10.2.27"
  
  "@vitejs/plugin-vue@^4.1.0":
    version "4.2.1"
    resolved "https://registry.npmmirror.com/@vitejs/plugin-vue/-/plugin-vue-4.2.1.tgz#c3ccce9956e8cdca946f465188777e4e3e488f6a"
    integrity sha512-ZTZjzo7bmxTRTkb8GSTwkPOYDIP7pwuyV+RV53c9PYUouwcbkIZIvWvNWlX2b1dYZqtOv7D6iUAnJLVNGcLrSw==
  
  "@vue/compiler-core@3.2.47":
    version "3.2.47"
    resolved "https://registry.npmmirror.com/@vue/compiler-core/-/compiler-core-3.2.47.tgz#3e07c684d74897ac9aa5922c520741f3029267f8"
    integrity sha512-p4D7FDnQb7+YJmO2iPEv0SQNeNzcbHdGByJDsT4lynf63AFkOTFN07HsiRSvjGo0QrxR/o3d0hUyNCUnBU2Tig==
    dependencies:
      "@babel/parser" "^7.16.4"
      "@vue/shared" "3.2.47"
      estree-walker "^2.0.2"
      source-map "^0.6.1"
  
  "@vue/compiler-dom@3.2.47":
    version "3.2.47"
    resolved "https://registry.npmmirror.com/@vue/compiler-dom/-/compiler-dom-3.2.47.tgz#a0b06caf7ef7056939e563dcaa9cbde30794f305"
    integrity sha512-dBBnEHEPoftUiS03a4ggEig74J2YBZ2UIeyfpcRM2tavgMWo4bsEfgCGsu+uJIL/vax9S+JztH8NmQerUo7shQ==
    dependencies:
      "@vue/compiler-core" "3.2.47"
      "@vue/shared" "3.2.47"
  
  "@vue/compiler-sfc@3.2.47":
    version "3.2.47"
    resolved "https://registry.npmmirror.com/@vue/compiler-sfc/-/compiler-sfc-3.2.47.tgz#1bdc36f6cdc1643f72e2c397eb1a398f5004ad3d"
    integrity sha512-rog05W+2IFfxjMcFw10tM9+f7i/+FFpZJJ5XHX72NP9eC2uRD+42M3pYcQqDXVYoj74kHMSEdQ/WmCjt8JFksQ==
    dependencies:
      "@babel/parser" "^7.16.4"
      "@vue/compiler-core" "3.2.47"
      "@vue/compiler-dom" "3.2.47"
      "@vue/compiler-ssr" "3.2.47"
      "@vue/reactivity-transform" "3.2.47"
      "@vue/shared" "3.2.47"
      estree-walker "^2.0.2"
      magic-string "^0.25.7"
      postcss "^8.1.10"
      source-map "^0.6.1"
  
  "@vue/compiler-ssr@3.2.47":
    version "3.2.47"
    resolved "https://registry.npmmirror.com/@vue/compiler-ssr/-/compiler-ssr-3.2.47.tgz#35872c01a273aac4d6070ab9d8da918ab13057ee"
    integrity sha512-wVXC+gszhulcMD8wpxMsqSOpvDZ6xKXSVWkf50Guf/S+28hTAXPDYRTbLQ3EDkOP5Xz/+SY37YiwDquKbJOgZw==
    dependencies:
      "@vue/compiler-dom" "3.2.47"
      "@vue/shared" "3.2.47"
  
  "@vue/devtools-api@^6.5.0":
    version "6.5.0"
    resolved "https://registry.npmmirror.com/@vue/devtools-api/-/devtools-api-6.5.0.tgz#98b99425edee70b4c992692628fa1ea2c1e57d07"
    integrity sha512-o9KfBeaBmCKl10usN4crU53fYtC1r7jJwdGKjPT24t348rHxgfpZ0xL3Xm/gLUYnc0oTp8LAmrxOeLyu6tbk2Q==
  
  "@vue/reactivity-transform@3.2.47":
    version "3.2.47"
    resolved "https://registry.npmmirror.com/@vue/reactivity-transform/-/reactivity-transform-3.2.47.tgz#e45df4d06370f8abf29081a16afd25cffba6d84e"
    integrity sha512-m8lGXw8rdnPVVIdIFhf0LeQ/ixyHkH5plYuS83yop5n7ggVJU+z5v0zecwEnX7fa7HNLBhh2qngJJkxpwEEmYA==
    dependencies:
      "@babel/parser" "^7.16.4"
      "@vue/compiler-core" "3.2.47"
      "@vue/shared" "3.2.47"
      estree-walker "^2.0.2"
      magic-string "^0.25.7"
  
  "@vue/reactivity@3.2.47":
    version "3.2.47"
    resolved "https://registry.npmmirror.com/@vue/reactivity/-/reactivity-3.2.47.tgz#1d6399074eadfc3ed35c727e2fd707d6881140b6"
    integrity sha512-7khqQ/75oyyg+N/e+iwV6lpy1f5wq759NdlS1fpAhFXa8VeAIKGgk2E/C4VF59lx5b+Ezs5fpp/5WsRYXQiKxQ==
    dependencies:
      "@vue/shared" "3.2.47"
  
  "@vue/runtime-core@3.2.47":
    version "3.2.47"
    resolved "https://registry.npmmirror.com/@vue/runtime-core/-/runtime-core-3.2.47.tgz#406ebade3d5551c00fc6409bbc1eeb10f32e121d"
    integrity sha512-RZxbLQIRB/K0ev0K9FXhNbBzT32H9iRtYbaXb0ZIz2usLms/D55dJR2t6cIEUn6vyhS3ALNvNthI+Q95C+NOpA==
    dependencies:
      "@vue/reactivity" "3.2.47"
      "@vue/shared" "3.2.47"
  
  "@vue/runtime-dom@3.2.47":
    version "3.2.47"
    resolved "https://registry.npmmirror.com/@vue/runtime-dom/-/runtime-dom-3.2.47.tgz#93e760eeaeab84dedfb7c3eaf3ed58d776299382"
    integrity sha512-ArXrFTjS6TsDei4qwNvgrdmHtD930KgSKGhS5M+j8QxXrDJYLqYw4RRcDy1bz1m1wMmb6j+zGLifdVHtkXA7gA==
    dependencies:
      "@vue/runtime-core" "3.2.47"
      "@vue/shared" "3.2.47"
      csstype "^2.6.8"
  
  "@vue/server-renderer@3.2.47":
    version "3.2.47"
    resolved "https://registry.npmmirror.com/@vue/server-renderer/-/server-renderer-3.2.47.tgz#8aa1d1871fc4eb5a7851aa7f741f8f700e6de3c0"
    integrity sha512-dN9gc1i8EvmP9RCzvneONXsKfBRgqFeFZLurmHOveL7oH6HiFXJw5OGu294n1nHc/HMgTy6LulU/tv5/A7f/LA==
    dependencies:
      "@vue/compiler-ssr" "3.2.47"
      "@vue/shared" "3.2.47"
  
  "@vue/shared@3.2.47":
    version "3.2.47"
    resolved "https://registry.npmmirror.com/@vue/shared/-/shared-3.2.47.tgz#e597ef75086c6e896ff5478a6bfc0a7aa4bbd14c"
    integrity sha512-BHGyyGN3Q97EZx0taMQ+OLNuZcW3d37ZEVmEAyeoA9ERdGvm9Irc/0Fua8SNyOtV1w6BS4q25wbMzJujO9HIfQ==
  
  "@vueuse/core@^9.1.0":
    version "9.13.0"
    resolved "https://registry.npmmirror.com/@vueuse/core/-/core-9.13.0.tgz#2f69e66d1905c1e4eebc249a01759cf88ea00cf4"
    integrity sha512-pujnclbeHWxxPRqXWmdkKV5OX4Wk4YeK7wusHqRwU0Q7EFusHoqNA/aPhB6KCh9hEqJkLAJo7bb0Lh9b+OIVzw==
    dependencies:
      "@types/web-bluetooth" "^0.0.16"
      "@vueuse/metadata" "9.13.0"
      "@vueuse/shared" "9.13.0"
      vue-demi "*"
  
  "@vueuse/metadata@9.13.0":
    version "9.13.0"
    resolved "https://registry.npmmirror.com/@vueuse/metadata/-/metadata-9.13.0.tgz#bc25a6cdad1b1a93c36ce30191124da6520539ff"
    integrity sha512-gdU7TKNAUVlXXLbaF+ZCfte8BjRJQWPCa2J55+7/h+yDtzw3vOoGQDRXzI6pyKyo6bXFT5/QoPE4hAknExjRLQ==
  
  "@vueuse/shared@9.13.0":
    version "9.13.0"
    resolved "https://registry.npmmirror.com/@vueuse/shared/-/shared-9.13.0.tgz#089ff4cc4e2e7a4015e57a8f32e4b39d096353b9"
    integrity sha512-UrnhU+Cnufu4S6JLCPZnkWh0WwZGUp72ktOF2DFptMlOs3TOdVv8xJN53zhHGARmVOsz5KqOls09+J1NR6sBKw==
    dependencies:
      vue-demi "*"
  
  accessor-fn@1:
    version "1.4.1"
    resolved "https://registry.npmmirror.com/accessor-fn/-/accessor-fn-1.4.1.tgz#ff6555ba91bbae1ba8e469bfdca6e7ee74dccc78"
    integrity sha512-P7yNKfmpuWLUwiRVk9RkRIPGjngemjZ7yANc0DL7otgDqEIWkEByMhShzfgQ5ZwCPEUmba4v1kOqCdGhpzY3ew==
  
  aframe-html-shader@^0.2.0:
    version "0.2.0"
    resolved "https://registry.npmmirror.com/aframe-html-shader/-/aframe-html-shader-0.2.0.tgz#fb4c76c6978287a3ee687dcb9d3dd84df46c4599"
    integrity sha512-yR3t0RhzZy6wjYbpeLyYsl0QEv++Rbo1UEov9sdqOZHgWQ4Gz7asT4KH03MtAoiW2zYnAp7Hywi8v9+5Ac8e7g==
  
  async-limiter@~1.0.0:
    version "1.0.1"
    resolved "https://registry.npmmirror.com/async-limiter/-/async-limiter-1.0.1.tgz#dd379e94f0db8310b08291f9d64c3209766617fd"
    integrity sha512-csOlWGAcRFJaI6m+F2WKdnMKr4HhdhFVBk0H/QbJFMCr+uO2kwohwXQPxw/9OCxp05r5ghVBFSyioixx3gfkNQ==
  
  async-validator@^4.2.5:
    version "4.2.5"
    resolved "https://registry.npmmirror.com/async-validator/-/async-validator-4.2.5.tgz#c96ea3332a521699d0afaaceed510a54656c6339"
    integrity sha512-7HhHjtERjqlNbZtqNqy2rckN/SpOOlmDliet+lP7k+eKZEjPk3DgyeU9lIXLdeLz0uBbbVp+9Qdow9wJWgwwfg==
  
  asynckit@^0.4.0:
    version "0.4.0"
    resolved "https://registry.npmmirror.com/asynckit/-/asynckit-0.4.0.tgz#c79ed97f7f34cb8f2ba1bc9790bcc366474b4b79"
    integrity sha512-Oei9OH4tRh0YqU3GxhX79dM/mwVgvbZJaSNaRk+bshkj0S5cfHcgYakreBjrHwatXKbz+IoIdYLxrKim2MjW0Q==
  
  axios@^1.4.0:
    version "1.4.0"
    resolved "https://registry.npmmirror.com/axios/-/axios-1.4.0.tgz#38a7bf1224cd308de271146038b551d725f0be1f"
    integrity sha512-S4XCWMEmzvo64T9GfvQDOXgYRDJ/wsSZc7Jvdgx5u1sd0JwsuPLqb3SYmusag+edF6ziyMensPVqLTSc1PiSEA==
    dependencies:
      follow-redirects "^1.15.0"
      form-data "^4.0.0"
      proxy-from-env "^1.1.0"
  
  base64-js@^1.3.1:
    version "1.5.1"
    resolved "https://registry.npmmirror.com/base64-js/-/base64-js-1.5.1.tgz#1b1b440160a5bf7ad40b650f095963481903930a"
    integrity sha512-AKpaYlHn8t4SVbOHCy+b5+KKgvR4vrsD8vbvrbiQJps7fKDTkjkDry6ji0rUJjC0kzbNePLwzxq8iypo41qeWA==
  
  "bezier-js@3 - 6":
    version "6.1.3"
    resolved "https://registry.npmmirror.com/bezier-js/-/bezier-js-6.1.3.tgz#45c6cac9455253f6b676d8ffda7aed42adfc8d5d"
    integrity sha512-VPFvkyO98oCJ1Tsi+bFBrKEWLdefAj4DJVaWp3xTEsdCbunC7Pt/nTeIgu/UdskBNcmHv8TOfsgdMZb1GsICmg==
  
  bidi-js@^1.0.2:
    version "1.0.2"
    resolved "https://registry.npmmirror.com/bidi-js/-/bidi-js-1.0.2.tgz#1a497a762c2ddea377429d2649c9ce0f8a91527f"
    integrity sha512-rzSy/k7WdX5zOyeHHCOixGXbCHkyogkxPKL2r8QtzHmVQDiWCXUWa18bLdMWT9CYMLOYTjWpTHawuev2ouYJVw==
    dependencies:
      require-from-string "^2.0.2"
  
  bindings@^1.5.0:
    version "1.5.0"
    resolved "https://registry.npmmirror.com/bindings/-/bindings-1.5.0.tgz#10353c9e945334bc0511a6d90b38fbc7c9c504df"
    integrity sha512-p2q/t/mhvuOj/UeLlV6566GD/guowlr0hHxClI0W9m7MWYkL1F0hLo+0Aexs9HSPCtR1SXQ0TD3MMKrXZajbiQ==
    dependencies:
      file-uri-to-path "1.0.0"
  
  buffer@^6.0.3:
    version "6.0.3"
    resolved "https://registry.npmmirror.com/buffer/-/buffer-6.0.3.tgz#2ace578459cc8fbe2a70aaa8f52ee63b6a74c6c6"
    integrity sha512-FTiCpNxtwiZZHEZbcbTIcZjERVICn9yq/pDFkTl95/AxzD1naBctN7YO68riM/gLSDY7sdrMby8hofADYuuqOA==
    dependencies:
      base64-js "^1.3.1"
      ieee754 "^1.2.1"
  
  camera-controls@^2.4.2:
    version "2.7.0"
    resolved "https://registry.npmmirror.com/camera-controls/-/camera-controls-2.7.0.tgz#13e2895375fbd8fb3353baeada6c8bc267a60d09"
    integrity sha512-HONMoMYHieOCQOoweS639bdWHP/P/fvVGR08imnECGVUp04mqGfsX/zp1ZufLeiAA5hA6i1JhP6SrnOwh01C0w==
  
  canvas-color-tracker@1:
    version "1.2.1"
    resolved "https://registry.npmmirror.com/canvas-color-tracker/-/canvas-color-tracker-1.2.1.tgz#c552872f8f254bac3e74ea4cc7fed3bb19859bf1"
    integrity sha512-i5clg2pEdaWqHuEM/B74NZNLkHh5+OkXbA/T4iaBiaNDagkOCXkLNrhqUfdUugsRwuaNRU20e/OygzxWRor3yg==
    dependencies:
      tinycolor2 "^1.6.0"
  
  chevrotain@^10.1.2:
    version "10.5.0"
    resolved "https://registry.npmmirror.com/chevrotain/-/chevrotain-10.5.0.tgz#9c1dc62ef0753bb562dbe521b5f72d041bad624e"
    integrity sha512-Pkv5rBY3+CsHOYfV5g/Vs5JY9WTHHDEKOlohI2XeygaZhUeqhAlldZ8Hz9cRmxu709bvS08YzxHdTPHhffc13A==
    dependencies:
      "@chevrotain/cst-dts-gen" "10.5.0"
      "@chevrotain/gast" "10.5.0"
      "@chevrotain/types" "10.5.0"
      "@chevrotain/utils" "10.5.0"
      lodash "4.17.21"
      regexp-to-ast "0.5.0"
  
  combined-stream@^1.0.8:
    version "1.0.8"
    resolved "https://registry.npmmirror.com/combined-stream/-/combined-stream-1.0.8.tgz#c3d45a8b34fd730631a110a8a2520682b31d5a7f"
    integrity sha512-FQN4MRfuJeHf7cBbBMJFXhKSDq+2kAArBlmRBvcvFE5BB1HZKXtSFASDhdlz9zOYwxh8lDdnvmMOe/+5cdoEdg==
    dependencies:
      delayed-stream "~1.0.0"
  
  copy-anything@^2.0.1:
    version "2.0.6"
    resolved "https://registry.npmmirror.com/copy-anything/-/copy-anything-2.0.6.tgz#092454ea9584a7b7ad5573062b2a87f5900fc480"
    integrity sha512-1j20GZTsvKNkc4BY3NpMOM8tt///wY3FpIzozTOFO2ffuZcV61nojHXVKIy3WM+7ADCy5FVhdZYHYDdgTU0yJw==
    dependencies:
      is-what "^3.14.1"
  
  core-util-is@~1.0.0:
    version "1.0.3"
    resolved "https://registry.npmmirror.com/core-util-is/-/core-util-is-1.0.3.tgz#a6042d3634c2b27e9328f837b965fac83808db85"
    integrity sha512-ZQBvi1DcpJ4GDqanjucZ2Hj3wEO5pZDS89BWbkcrvdxksJorwUDDZamX9ldFkp9aw2lmBDLgkObEA4DWNJ9FYQ==
  
  crypto-js@^4.1.1:
    version "4.1.1"
    resolved "https://registry.npmmirror.com/crypto-js/-/crypto-js-4.1.1.tgz#9e485bcf03521041bd85844786b83fb7619736cf"
    integrity sha512-o2JlM7ydqd3Qk9CA0L4NL6mTzU2sdx96a+oOfPu8Mkl/PK51vSyoi8/rQ8NknZtk44vq15lmhAj9CIAGwgeWKw==
  
  crypto@^1.0.1:
    version "1.0.1"
    resolved "https://registry.npmmirror.com/crypto/-/crypto-1.0.1.tgz#2af1b7cad8175d24c8a1b0778255794a21803037"
    integrity sha512-VxBKmeNcqQdiUQUW2Tzq0t377b54N2bMtXO/qiLa+6eRRmmC4qT3D4OnTGoT/U6O9aklQ/jTwbOtRMTTY8G0Ig==
  
  csstype@^2.6.8:
    version "2.6.21"
    resolved "https://registry.npmmirror.com/csstype/-/csstype-2.6.21.tgz#2efb85b7cc55c80017c66a5ad7cbd931fda3a90e"
    integrity sha512-Z1PhmomIfypOpoMjRQB70jfvy/wxT50qW08YXO5lMIJkrdq4yOTR+AW7FqutScmB9NkLwxo+jU+kZLbofZZq/w==
  
  csstype@^3.0.2:
    version "3.1.2"
    resolved "https://registry.npmmirror.com/csstype/-/csstype-3.1.2.tgz#1d4bf9d572f11c14031f0436e1c10bc1f571f50b"
    integrity sha512-I7K1Uu0MBPzaFKg4nI5Q7Vs2t+3gWWW648spaF+Rg7pI9ds18Ugn+lvg4SHczUdKlHI5LWBXyqfS8+DufyBsgQ==
  
  "d3-array@1 - 3", "d3-array@2 - 3", "d3-array@2.10.0 - 3":
    version "3.2.3"
    resolved "https://registry.npmmirror.com/d3-array/-/d3-array-3.2.3.tgz#39f1f4954e4a09ff69ac597c2d61906b04e84740"
    integrity sha512-JRHwbQQ84XuAESWhvIPaUV4/1UYTBOLiOPGWqgFDHZS1D5QN9c57FbH3QpEnQMYiOXNzKUQyGTZf+EVO7RT5TQ==
    dependencies:
      internmap "1 - 2"
  
  d3-binarytree@1:
    version "1.0.2"
    resolved "https://registry.npmmirror.com/d3-binarytree/-/d3-binarytree-1.0.2.tgz#ed43ebc13c70fbabfdd62df17480bc5a425753cc"
    integrity sha512-cElUNH+sHu95L04m92pG73t2MEJXKu+GeKUN1TJkFsu93E5W8E9Sc3kHEGJKgenGvj19m6upSn2EunvMgMD2Yw==
  
  "d3-color@1 - 3":
    version "3.1.0"
    resolved "https://registry.npmmirror.com/d3-color/-/d3-color-3.1.0.tgz#395b2833dfac71507f12ac2f7af23bf819de24e2"
    integrity sha512-zg/chbXyeBtMQ1LbD/WSoW2DpC3I0mpmPdW+ynRTj/x2DAWYrIY7qeZIHidozwV24m4iavr15lNwIwLxRmOxhA==
  
  "d3-dispatch@1 - 3":
    version "3.0.1"
    resolved "https://registry.npmmirror.com/d3-dispatch/-/d3-dispatch-3.0.1.tgz#5fc75284e9c2375c36c839411a0cf550cbfc4d5e"
    integrity sha512-rzUyPU/S7rwUflMyLc1ETDeBj0NRuHKKAcvukozwhshr6g6c5d8zh4c2gQjY2bZ0dXeGLWc1PF174P2tVvKhfg==
  
  "d3-drag@2 - 3":
    version "3.0.0"
    resolved "https://registry.npmmirror.com/d3-drag/-/d3-drag-3.0.0.tgz#994aae9cd23c719f53b5e10e3a0a6108c69607ba"
    integrity sha512-pWbUJLdETVA8lQNJecMxoXfH6x+mO2UQo8rSmZ+QqxcbyA3hfeprFgIT//HW2nlHChWeIIMwS2Fq+gEARkhTkg==
    dependencies:
      d3-dispatch "1 - 3"
      d3-selection "3"
  
  "d3-ease@1 - 3":
    version "3.0.1"
    resolved "https://registry.npmmirror.com/d3-ease/-/d3-ease-3.0.1.tgz#9658ac38a2140d59d346160f1f6c30fda0bd12f4"
    integrity sha512-wR/XK3D3XcLIZwpbvQwQ5fK+8Ykds1ip7A2Txe0yxncXSdq1L9skcG7blcedkOX+ZcgxGAmLX1FrRGbADwzi0w==
  
  "d3-force-3d@2 - 3":
    version "3.0.5"
    resolved "https://registry.npmmirror.com/d3-force-3d/-/d3-force-3d-3.0.5.tgz#9c8931b49acc3554f9110e128bc580cd3ab830f2"
    integrity sha512-tdwhAhoTYZY/a6eo9nR7HP3xSW/C6XvJTbeRpR92nlPzH6OiE+4MliN9feuSFd0tPtEUo+191qOhCTWx3NYifg==
    dependencies:
      d3-binarytree "1"
      d3-dispatch "1 - 3"
      d3-octree "1"
      d3-quadtree "1 - 3"
      d3-timer "1 - 3"
  
  "d3-format@1 - 3":
    version "3.1.0"
    resolved "https://registry.npmmirror.com/d3-format/-/d3-format-3.1.0.tgz#9260e23a28ea5cb109e93b21a06e24e2ebd55641"
    integrity sha512-YyUI6AEuY/Wpt8KWLgZHsIU86atmikuoOmCfommt0LYHiQSPjvX2AcFc38PX0CBpr2RCyZhjex+NS/LPOv6YqA==
  
  "d3-interpolate@1 - 3", "d3-interpolate@1.2.0 - 3":
    version "3.0.1"
    resolved "https://registry.npmmirror.com/d3-interpolate/-/d3-interpolate-3.0.1.tgz#3c47aa5b32c5b3dfb56ef3fd4342078a632b400d"
    integrity sha512-3bYs1rOD33uo8aqJfKP3JWPAibgw8Zm2+L9vBKEHJ2Rg+viTR7o5Mmv5mZcieN+FRYaAOWX5SJATX6k1PWz72g==
    dependencies:
      d3-color "1 - 3"
  
  d3-octree@1:
    version "1.0.2"
    resolved "https://registry.npmmirror.com/d3-octree/-/d3-octree-1.0.2.tgz#b39026b82701e45c7163e34ee056dc492035a017"
    integrity sha512-Qxg4oirJrNXauiuC94uKMbgxwnhdda9xRLl9ihq45srlJ4Ga3CSgqGcAL8iW7N5CIv4Oz8x3E734ulxyvHPvwA==
  
  "d3-quadtree@1 - 3":
    version "3.0.1"
    resolved "https://registry.npmmirror.com/d3-quadtree/-/d3-quadtree-3.0.1.tgz#6dca3e8be2b393c9a9d514dabbd80a92deef1a4f"
    integrity sha512-04xDrxQTDTCFwP5H6hRhsRcb9xxv2RzkcsygFzmkSIOJy3PeRJP7sNk3VRIbKXcog561P9oU0/rVH6vDROAgUw==
  
  "d3-scale-chromatic@1 - 3":
    version "3.0.0"
    resolved "https://registry.npmmirror.com/d3-scale-chromatic/-/d3-scale-chromatic-3.0.0.tgz#15b4ceb8ca2bb0dcb6d1a641ee03d59c3b62376a"
    integrity sha512-Lx9thtxAKrO2Pq6OO2Ua474opeziKr279P/TKZsMAhYyNDD3EnCffdbgeSYN5O7m2ByQsxtuP2CSDczNUIZ22g==
    dependencies:
      d3-color "1 - 3"
      d3-interpolate "1 - 3"
  
  "d3-scale@1 - 4":
    version "4.0.2"
    resolved "https://registry.npmmirror.com/d3-scale/-/d3-scale-4.0.2.tgz#82b38e8e8ff7080764f8dcec77bd4be393689396"
    integrity sha512-GZW464g1SH7ag3Y7hXjf8RoUuAFIqklOAq3MRl4OaWabTFJY9PN/E1YklhXLh+OQ3fM9yS2nOkCoS+WLZ6kvxQ==
    dependencies:
      d3-array "2.10.0 - 3"
      d3-format "1 - 3"
      d3-interpolate "1.2.0 - 3"
      d3-time "2.1.1 - 3"
      d3-time-format "2 - 4"
  
  "d3-selection@2 - 3", d3-selection@3:
    version "3.0.0"
    resolved "https://registry.npmmirror.com/d3-selection/-/d3-selection-3.0.0.tgz#c25338207efa72cc5b9bd1458a1a41901f1e1b31"
    integrity sha512-fmTRWbNMmsmWq6xJV8D19U/gw/bwrHfNXxrIN+HfZgnzqTHp9jOmKMhsTUjXOJnZOdZY9Q28y4yebKzqDKlxlQ==
  
  "d3-time-format@2 - 4":
    version "4.1.0"
    resolved "https://registry.npmmirror.com/d3-time-format/-/d3-time-format-4.1.0.tgz#7ab5257a5041d11ecb4fe70a5c7d16a195bb408a"
    integrity sha512-dJxPBlzC7NugB2PDLwo9Q8JiTR3M3e4/XANkreKSUxF8vvXKqm1Yfq4Q5dl8budlunRVlUUaDUgFt7eA8D6NLg==
    dependencies:
      d3-time "1 - 3"
  
  "d3-time@1 - 3", "d3-time@2.1.1 - 3":
    version "3.1.0"
    resolved "https://registry.npmmirror.com/d3-time/-/d3-time-3.1.0.tgz#9310db56e992e3c0175e1ef385e545e48a9bb5c7"
    integrity sha512-VqKjzBLejbSMT4IgbmVgDjpkYrNWUYJnbCGo874u7MMKIWsILRX+OpX/gTk8MqjpT1A/c6HY2dCA77ZN0lkQ2Q==
    dependencies:
      d3-array "2 - 3"
  
  "d3-timer@1 - 3":
    version "3.0.1"
    resolved "https://registry.npmmirror.com/d3-timer/-/d3-timer-3.0.1.tgz#6284d2a2708285b1abb7e201eda4380af35e63b0"
    integrity sha512-ndfJ/JxxMd3nw31uyKoY2naivF+r29V+Lc0svZxe1JvvIRmi8hUsrMvdOwgS1o6uBHmiz91geQ0ylPP0aj1VUA==
  
  "d3-transition@2 - 3":
    version "3.0.1"
    resolved "https://registry.npmmirror.com/d3-transition/-/d3-transition-3.0.1.tgz#6869fdde1448868077fdd5989200cb61b2a1645f"
    integrity sha512-ApKvfjsSR6tg06xrL434C0WydLr7JewBB3V+/39RMHsaXTOG0zmt/OAXeng5M5LBm0ojmxJrpomQVZ1aPvBL4w==
    dependencies:
      d3-color "1 - 3"
      d3-dispatch "1 - 3"
      d3-ease "1 - 3"
      d3-interpolate "1 - 3"
      d3-timer "1 - 3"
  
  "d3-zoom@2 - 3":
    version "3.0.0"
    resolved "https://registry.npmmirror.com/d3-zoom/-/d3-zoom-3.0.0.tgz#d13f4165c73217ffeaa54295cd6969b3e7aee8f3"
    integrity sha512-b8AmV3kfQaqWAuacbPuNbL6vahnOJflOhexLzMMNLga62+/nh0JzvJ0aO/5a5MVgUFGS7Hu1P9P03o3fJkDCyw==
    dependencies:
      d3-dispatch "1 - 3"
      d3-drag "2 - 3"
      d3-interpolate "1 - 3"
      d3-selection "2 - 3"
      d3-transition "2 - 3"
  
  dayjs@^1.11.3:
    version "1.11.7"
    resolved "https://registry.npmmirror.com/dayjs/-/dayjs-1.11.7.tgz#4b296922642f70999544d1144a2c25730fce63e2"
    integrity sha512-+Yw9U6YO5TQohxLcIkrXBeY73WP3ejHWVvx8XCk3gxvQDCTEmS48ZrSZCKciI7Bhl/uCMyxYtE9UqRILmFphkQ==
  
  deasync@^0.1.9:
    version "0.1.28"
    resolved "https://registry.npmmirror.com/deasync/-/deasync-0.1.28.tgz#9b447b79b3f822432f0ab6a8614c0062808b5ad2"
    integrity sha512-QqLF6inIDwiATrfROIyQtwOQxjZuek13WRYZ7donU5wJPLoP67MnYxA6QtqdvdBy2mMqv5m3UefBVdJjvevOYg==
    dependencies:
      bindings "^1.5.0"
      node-addon-api "^1.7.1"
  
  debounce@^1.2.1:
    version "1.2.1"
    resolved "https://registry.npmmirror.com/debounce/-/debounce-1.2.1.tgz#38881d8f4166a5c5848020c11827b834bcb3e0a5"
    integrity sha512-XRRe6Glud4rd/ZGQfiV1ruXSfbvfJedlV9Y6zOlP+2K04vBYiJEte6stfFkCP03aMnY5tsipamumUjL14fofug==
  
  debug@^2.6.1:
    version "2.6.9"
    resolved "https://registry.npmmirror.com/debug/-/debug-2.6.9.tgz#5d128515df134ff327e90a4c93f4e077a536341f"
    integrity sha512-bC7ElrdJaJnPbAP+1EotYvqZsb3ecl5wi6Bfi6BJTUcNowp6cvspg0jXznRTKDjm/E7AdgFBVeAPVMNcKGsHMA==
    dependencies:
      ms "2.0.0"
  
  debug@^3.1.0, debug@^3.2.6:
    version "3.2.7"
    resolved "https://registry.npmmirror.com/debug/-/debug-3.2.7.tgz#72580b7e9145fb39b6676f9c5e5fb100b934179a"
    integrity sha512-CFjzYYAi4ThfiQvizrFQevTTXHtnCqWfe7x1AhgEscTz6ZbLbfoLRLPugTQyBth6f8ZERVUSyWHFD/7Wu4t1XQ==
    dependencies:
      ms "^2.1.1"
  
  delayed-stream@~1.0.0:
    version "1.0.0"
    resolved "https://registry.npmmirror.com/delayed-stream/-/delayed-stream-1.0.0.tgz#df3ae199acadfb7d440aaae0b29e2272b24ec619"
    integrity sha512-ZySD7Nf91aLB0RxL4KGrKHBXl7Eds1DAmEdcoVawXnLD7SDhpNgtuII2aAkg7a7QS41jxPSZ17p4VdGnMHk3MQ==
  
  detect-gpu@^5.0.28:
    version "5.0.34"
    resolved "https://registry.npmmirror.com/detect-gpu/-/detect-gpu-5.0.34.tgz#c4a29f99e3d78ac35df44355f0298f5ae29c6fe4"
    integrity sha512-iHYDY2iy6OVvJVmTXvMrp5+OROP0Q62qTlrsC7wl3kZmm6yVAoOhQx5cIIxTVEEIZe1M1aPVI3RgsbG/Z6/7PQ==
    dependencies:
      webgl-constants "^1.1.1"
  
  draco3d@^1.4.1:
    version "1.5.6"
    resolved "https://registry.npmmirror.com/draco3d/-/draco3d-1.5.6.tgz#0d570a9792e3a3a9fafbfea065b692940441c626"
    integrity sha512-+3NaRjWktb5r61ZFoDejlykPEFKT5N/LkbXsaddlw6xNSXBanUYpFc2AXXpbJDilPHazcSreU/DpQIaxfX0NfQ==
  
  element-plus@^2.3.4:
    version "2.3.4"
    resolved "https://registry.npmmirror.com/element-plus/-/element-plus-2.3.4.tgz#4319f6b0a1096cfac9c53b69da2fe23ac5aea63e"
    integrity sha512-SQr0J9z7N4z48WYk/l9NE2tizl8Q7j2OhqlpTc42k4pGncry3+rVX6dsmcsglFynn6vt3NzYxWJqmLFyDKQq+g==
    dependencies:
      "@ctrl/tinycolor" "^3.4.1"
      "@element-plus/icons-vue" "^2.0.6"
      "@floating-ui/dom" "^1.0.1"
      "@popperjs/core" "npm:@sxzz/popperjs-es@^2.11.7"
      "@types/lodash" "^4.14.182"
      "@types/lodash-es" "^4.17.6"
      "@vueuse/core" "^9.1.0"
      async-validator "^4.2.5"
      dayjs "^1.11.3"
      escape-html "^1.0.3"
      lodash "^4.17.21"
      lodash-es "^4.17.21"
      lodash-unified "^1.0.2"
      memoize-one "^6.0.0"
      normalize-wheel-es "^1.2.0"
  
  errno@^0.1.1:
    version "0.1.8"
    resolved "https://registry.npmmirror.com/errno/-/errno-0.1.8.tgz#8bb3e9c7d463be4976ff888f76b4809ebc2e811f"
    integrity sha512-dJ6oBr5SQ1VSd9qkk7ByRgb/1SH4JZjCHSW/mr63/QcXO9zLVxvJ6Oy13nio03rxpSnVDDjFor75SjVeZWPW/A==
    dependencies:
      prr "~1.0.1"
  
  esbuild@^0.17.5:
    version "0.17.18"
    resolved "https://registry.npmmirror.com/esbuild/-/esbuild-0.17.18.tgz#f4f8eb6d77384d68cd71c53eb6601c7efe05e746"
    integrity sha512-z1lix43jBs6UKjcZVKOw2xx69ffE2aG0PygLL5qJ9OS/gy0Ewd1gW/PUQIOIQGXBHWNywSc0floSKoMFF8aK2w==
    optionalDependencies:
      "@esbuild/android-arm" "0.17.18"
      "@esbuild/android-arm64" "0.17.18"
      "@esbuild/android-x64" "0.17.18"
      "@esbuild/darwin-arm64" "0.17.18"
      "@esbuild/darwin-x64" "0.17.18"
      "@esbuild/freebsd-arm64" "0.17.18"
      "@esbuild/freebsd-x64" "0.17.18"
      "@esbuild/linux-arm" "0.17.18"
      "@esbuild/linux-arm64" "0.17.18"
      "@esbuild/linux-ia32" "0.17.18"
      "@esbuild/linux-loong64" "0.17.18"
      "@esbuild/linux-mips64el" "0.17.18"
      "@esbuild/linux-ppc64" "0.17.18"
      "@esbuild/linux-riscv64" "0.17.18"
      "@esbuild/linux-s390x" "0.17.18"
      "@esbuild/linux-x64" "0.17.18"
      "@esbuild/netbsd-x64" "0.17.18"
      "@esbuild/openbsd-x64" "0.17.18"
      "@esbuild/sunos-x64" "0.17.18"
      "@esbuild/win32-arm64" "0.17.18"
      "@esbuild/win32-ia32" "0.17.18"
      "@esbuild/win32-x64" "0.17.18"
  
  escape-html@^1.0.3:
    version "1.0.3"
    resolved "https://registry.npmmirror.com/escape-html/-/escape-html-1.0.3.tgz#0258eae4d3d0c0974de1c169188ef0051d1d1988"
    integrity sha512-NiSupZ4OeuGwr68lGIeym/ksIZMJodUGOSCZ/FSnTxcrekbvqrgdUxlJOMpijaKZVjAJrWrGs/6Jy8OMuyj9ow==
  
  estree-walker@^2.0.2:
    version "2.0.2"
    resolved "https://registry.npmmirror.com/estree-walker/-/estree-walker-2.0.2.tgz#52f010178c2a4c117a7757cfe942adb7d2da4cac"
    integrity sha512-Rfkk/Mp/DL7JVje3u18FxFujQlTNR2q6QfMSMB7AvCBx91NGj/ba3kCfza0f6dVDbw7YlRf/nDrn7pQrCCyQ/w==
  
  fflate@^0.6.9:
    version "0.6.10"
    resolved "https://registry.npmmirror.com/fflate/-/fflate-0.6.10.tgz#5f40f9659205936a2d18abf88b2e7781662b6d43"
    integrity sha512-IQrh3lEPM93wVCEczc9SaAOvkmcoQn/G8Bo1e8ZPlY3X3bnAxWaBdvTdvM1hP62iZp0BXWDy4vTAy4fF0+Dlpg==
  
  file-uri-to-path@1.0.0:
    version "1.0.0"
    resolved "https://registry.npmmirror.com/file-uri-to-path/-/file-uri-to-path-1.0.0.tgz#553a7b8446ff6f684359c445f1e37a05dacc33dd"
    integrity sha512-0Zt+s3L7Vf1biwWZ29aARiVYLx7iMGnEUl9x33fbB/j3jR81u/O2LbqK+Bm1CDSNDKVtJ/YjwY7TUd5SkeLQLw==
  
  follow-redirects@^1.15.0:
    version "1.15.2"
    resolved "https://registry.npmmirror.com/follow-redirects/-/follow-redirects-1.15.2.tgz#b460864144ba63f2681096f274c4e57026da2c13"
    integrity sha512-VQLG33o04KaQ8uYi2tVNbdrWp1QWxNNea+nmIB4EVM28v0hmP17z7aG1+wAkNzVq4KeXTq3221ye5qTJP91JwA==
  
  force-graph@^1.43.1:
    version "1.43.1"
    resolved "https://registry.npmmirror.com/force-graph/-/force-graph-1.43.1.tgz#40ab780f92e6be7567b82be300bd5c328b50f00d"
    integrity sha512-JOrmhMYr3uF6zzCXTauEo0KIiSp9OB2fAYYXkOGs6z0GQNSLIpcjCY3lhod4kAbkQCOup+u8JE9mmw7ojQaxTQ==
    dependencies:
      "@tweenjs/tween.js" "19"
      accessor-fn "1"
      bezier-js "3 - 6"
      canvas-color-tracker "1"
      d3-array "1 - 3"
      d3-drag "2 - 3"
      d3-force-3d "2 - 3"
      d3-scale "1 - 4"
      d3-scale-chromatic "1 - 3"
      d3-selection "2 - 3"
      d3-zoom "2 - 3"
      index-array-by "1"
      kapsule "^1.14"
      lodash-es "4"
  
  form-data@^4.0.0:
    version "4.0.0"
    resolved "https://registry.npmmirror.com/form-data/-/form-data-4.0.0.tgz#93919daeaf361ee529584b9b31664dc12c9fa452"
    integrity sha512-ETEklSGi5t0QMZuiXoA/Q6vcnxcLQP5vdugSpuAyi6SVGi2clPPp+xgEhuMaHC+zGgn31Kd235W35f7Hykkaww==
    dependencies:
      asynckit "^0.4.0"
      combined-stream "^1.0.8"
      mime-types "^2.1.12"
  
  fsevents@~2.3.2:
    version "2.3.2"
    resolved "https://registry.npmmirror.com/fsevents/-/fsevents-2.3.2.tgz#8a526f78b8fdf4623b709e0b975c52c24c02fd1a"
    integrity sha512-xiqMQR4xAeHTuB9uWm+fFRcIOgKBMiOBP+eXiyT7jsgVCq1bkVygt00oASowB7EdtpOHaaPgKt812P9ab+DDKA==
  
  glsl-noise@^0.0.0:
    version "0.0.0"
    resolved "https://registry.npmmirror.com/glsl-noise/-/glsl-noise-0.0.0.tgz#367745f3a33382c0eeec4cb54b7e99cfc1d7670b"
    integrity sha512-b/ZCF6amfAUb7dJM/MxRs7AetQEahYzJ8PtgfrmEdtw6uyGOr+ZSGtgjFm6mfsBkxJ4d2W7kg+Nlqzqvn3Bc0w==
  
  graceful-fs@^4.1.2:
    version "4.2.11"
    resolved "https://registry.npmmirror.com/graceful-fs/-/graceful-fs-4.2.11.tgz#4183e4e8bf08bb6e05bbb2f7d2e0c8f712ca40e3"
    integrity sha512-RbJ5/jmFcNNCcDV5o9eTnBLJ/HszWV0P73bc+Ff4nS/rJj+YaS6IGyiOL0VoBYX+l1Wrl3k63h/KrH+nhJ0XvQ==
  
  iconv-lite@^0.6.3:
    version "0.6.3"
    resolved "https://registry.npmmirror.com/iconv-lite/-/iconv-lite-0.6.3.tgz#a52f80bf38da1952eb5c681790719871a1a72501"
    integrity sha512-4fCk79wshMdzMp2rH06qWrJE4iolqLhCUH+OiuIgU++RB0+94NlDL81atO7GX55uUKueo0txHNtvEyI6D7WdMw==
    dependencies:
      safer-buffer ">= 2.1.2 < 3.0.0"
  
  ieee754@^1.2.1:
    version "1.2.1"
    resolved "https://registry.npmmirror.com/ieee754/-/ieee754-1.2.1.tgz#8eb7a10a63fff25d15a57b001586d177d1b0d352"
    integrity sha512-dcyqhDvX1C46lXZcVqCpK+FtMRQVdIMN6/Df5js2zouUsqG7I6sFxitIC+7KYK29KdXOLHdu9zL4sFnoVQnqaA==
  
  image-size@~0.5.0:
    version "0.5.5"
    resolved "https://registry.npmmirror.com/image-size/-/image-size-0.5.5.tgz#09dfd4ab9d20e29eb1c3e80b8990378df9e3cb9c"
    integrity sha512-6TDAlDPZxUFCv+fuOkIoXT/V/f3Qbq8e37p+YOiYrUv3v9cc3/6x78VdfPgFVaB9dZYeLUfKgHRebpkm/oP2VQ==
  
  index-array-by@1:
    version "1.4.1"
    resolved "https://registry.npmmirror.com/index-array-by/-/index-array-by-1.4.1.tgz#425f26cf0c744a47ebadf47366692e52043cf17b"
    integrity sha512-Zu6THdrxQdyTuT2uA5FjUoBEsFHPzHcPIj18FszN6yXKHxSfGcR4TPLabfuT//E25q1Igyx9xta2WMvD/x9P/g==
  
  inherits@^2.0.1, inherits@~2.0.3:
    version "2.0.4"
    resolved "https://registry.npmmirror.com/inherits/-/inherits-2.0.4.tgz#0fa2c64f932917c3433a0ded55363aae37416b7c"
    integrity sha512-k/vGaX4/Yla3WzyMCvTQOXYeIHvqOKtnqBduzTHpzpQZzAskKMhZ2K+EnBiSM9zGSoIFeMpXKxa4dYeZIQqewQ==
  
  "internmap@1 - 2":
    version "2.0.3"
    resolved "https://registry.npmmirror.com/internmap/-/internmap-2.0.3.tgz#6685f23755e43c524e251d29cbc97248e3061009"
    integrity sha512-5Hh7Y1wQbvY5ooGgPbDaL5iYLAPzMTUrjMulskHLH6wnv/A+1q5rgEaiuqEjB+oxGXIVZs1FF+R/KPN3ZSQYYg==
  
  is-what@^3.14.1:
    version "3.14.1"
    resolved "https://registry.npmmirror.com/is-what/-/is-what-3.14.1.tgz#e1222f46ddda85dead0fd1c9df131760e77755c1"
    integrity sha512-sNxgpk9793nzSs7bA6JQJGeIuRBQhAaNGG77kzYQgMkrID+lS6SlK07K5LaptscDlSaIgH+GPFzf+d75FVxozA==
  
  isarray@~1.0.0:
    version "1.0.0"
    resolved "https://registry.npmmirror.com/isarray/-/isarray-1.0.0.tgz#bb935d48582cba168c06834957a54a3e07124f11"
    integrity sha512-VLghIWNM6ELQzo7zwmcg0NmTVyWKYjvIeM83yjp0wRDTmUnrM678fQbcKBo6n2CJEF0szoG//ytg+TKla89ALQ==
  
  its-fine@^1.0.6:
    version "1.1.1"
    resolved "https://registry.npmmirror.com/its-fine/-/its-fine-1.1.1.tgz#e74b93fddd487441f978a50f64f0f5af4d2fc38e"
    integrity sha512-v1Ia1xl20KbuSGlwoaGsW0oxsw8Be+TrXweidxD9oT/1lAh6O3K3/GIM95Tt6WCiv6W+h2M7RB1TwdoAjQyyKw==
    dependencies:
      "@types/react-reconciler" "^0.28.0"
  
  "js-tokens@^3.0.0 || ^4.0.0":
    version "4.0.0"
    resolved "https://registry.npmmirror.com/js-tokens/-/js-tokens-4.0.0.tgz#19203fb59991df98e3a287050d4647cdeaf32499"
    integrity sha512-RdJUflcE3cUzKiMqQgsCu06FPu9UdIJO0beYbPhHN4k6apgJtifcoCtT9bcxOpYBtpD2kCM6Sbzg4CausW/PKQ==
  
  jwt-decode@^3.1.2:
    version "3.1.2"
    resolved "https://registry.npmmirror.com/jwt-decode/-/jwt-decode-3.1.2.tgz#3fb319f3675a2df0c2895c8f5e9fa4b67b04ed59"
    integrity sha512-UfpWE/VZn0iP50d8cz9NrZLM9lSWhcJ+0Gt/nm4by88UL+J1SiKN8/5dkjMmbEzwL2CAe+67GsegCbIKtbp75A==
  
  kapsule@^1.14:
    version "1.14.2"
    resolved "https://registry.npmmirror.com/kapsule/-/kapsule-1.14.2.tgz#07528c2e83b16ec6152d35897b9eb82ce9e5bce6"
    integrity sha512-6ROjWt7DHJ6pBv8RqpcP5uhP7+IgoaF5XavzcRU0U1/5wT/dZgBDNPrdZMNXaWyWLZvAdJ/ONuVRW0Dr9NbLkA==
    dependencies:
      lodash-es "4"
  
  klona@^2.0.6:
    version "2.0.6"
    resolved "https://registry.npmmirror.com/klona/-/klona-2.0.6.tgz#85bffbf819c03b2f53270412420a4555ef882e22"
    integrity sha512-dhG34DXATL5hSxJbIexCft8FChFXtmskoZYnoPWjXQuebWYCNkVeV3KkGegCK9CP1oswI/vQibS2GY7Em/sJJA==
  
  ktx-parse@^0.4.5:
    version "0.4.5"
    resolved "https://registry.npmmirror.com/ktx-parse/-/ktx-parse-0.4.5.tgz#79905e22281a9d3e602b2ff522df1ee7d1813aa6"
    integrity sha512-MK3FOody4TXbFf8Yqv7EBbySw7aPvEcPX++Ipt6Sox+/YMFvR5xaTyhfNSk1AEmMy+RYIw81ctN4IMxCB8OAlg==
  
  less-loader@^11.1.1:
    version "11.1.1"
    resolved "https://registry.npmmirror.com/less-loader/-/less-loader-11.1.1.tgz#f1ba2bac94afe2a9c37baa3aa3f17efcfd56a5d5"
    integrity sha512-sxfYqC6nYpZMF57gMmtlgbNwtH++zOCqqRnOlrvmgtNTQEyX7jFb1GlMXOpHb1+B8KZugOK72onl1SEkEgWH2g==
    dependencies:
      klona "^2.0.6"
      v "^0.3.0"
  
  less@^4.1.3:
    version "4.1.3"
    resolved "https://registry.npmmirror.com/less/-/less-4.1.3.tgz#175be9ddcbf9b250173e0a00b4d6920a5b770246"
    integrity sha512-w16Xk/Ta9Hhyei0Gpz9m7VS8F28nieJaL/VyShID7cYvP6IL5oHeL6p4TXSDJqZE/lNv0oJ2pGVjJsRkfwm5FA==
    dependencies:
      copy-anything "^2.0.1"
      parse-node-version "^1.0.1"
      tslib "^2.3.0"
    optionalDependencies:
      errno "^0.1.1"
      graceful-fs "^4.1.2"
      image-size "~0.5.0"
      make-dir "^2.1.0"
      mime "^1.4.1"
      needle "^3.1.0"
      source-map "~0.6.0"
  
  lodash-es@4, lodash-es@^4.17.21:
    version "4.17.21"
    resolved "https://registry.npmmirror.com/lodash-es/-/lodash-es-4.17.21.tgz#43e626c46e6591b7750beb2b50117390c609e3ee"
    integrity sha512-mKnC+QJ9pWVzv+C4/U3rRsHapFfHvQFoFB92e52xeyGMcX6/OlIl78je1u8vePzYZSkkogMPJ2yjxxsb89cxyw==
  
  lodash-unified@^1.0.2:
    version "1.0.3"
    resolved "https://registry.npmmirror.com/lodash-unified/-/lodash-unified-1.0.3.tgz#80b1eac10ed2eb02ed189f08614a29c27d07c894"
    integrity sha512-WK9qSozxXOD7ZJQlpSqOT+om2ZfcT4yO+03FuzAHD0wF6S0l0090LRPDx3vhTTLZ8cFKpBn+IOcVXK6qOcIlfQ==
  
  lodash.clamp@^4.0.3:
    version "4.0.3"
    resolved "https://registry.npmmirror.com/lodash.clamp/-/lodash.clamp-4.0.3.tgz#5c24bedeeeef0753560dc2b4cb4671f90a6ddfaa"
    integrity sha512-HvzRFWjtcguTW7yd8NJBshuNaCa8aqNFtnswdT7f/cMd/1YKy5Zzoq4W/Oxvnx9l7aeY258uSdDfM793+eLsVg==
  
  lodash.omit@^4.5.0:
    version "4.5.0"
    resolved "https://registry.npmmirror.com/lodash.omit/-/lodash.omit-4.5.0.tgz#6eb19ae5a1ee1dd9df0b969e66ce0b7fa30b5e60"
    integrity sha512-XeqSp49hNGmlkj2EJlfrQFIzQ6lXdNro9sddtQzcJY8QaoC2GO0DT7xaIokHeyM+mIT0mPMlPvkYzg2xCuHdZg==
  
  lodash.pick@^4.4.0:
    version "4.4.0"
    resolved "https://registry.npmmirror.com/lodash.pick/-/lodash.pick-4.4.0.tgz#52f05610fff9ded422611441ed1fc123a03001b3"
    integrity sha512-hXt6Ul/5yWjfklSGvLQl8vM//l3FtyHZeuelpzK6mm99pNvN9yTDruNZPEJZD1oWrqo+izBmB7oUfWgcCX7s4Q==
  
  lodash@4.17.21, lodash@^4.17.21:
    version "4.17.21"
    resolved "https://registry.npmmirror.com/lodash/-/lodash-4.17.21.tgz#679591c564c3bffaae8454cf0b3df370c3d6911c"
    integrity sha512-v2kDEe57lecTulaDIuNTPy3Ry4gLGJ6Z1O3vE1krgXZNrsQ+LFTGHVxVjcXPs17LhbZVGedAJv8XZ1tvj5FvSg==
  
  loose-envify@^1.1.0, loose-envify@^1.4.0:
    version "1.4.0"
    resolved "https://registry.npmmirror.com/loose-envify/-/loose-envify-1.4.0.tgz#71ee51fa7be4caec1a63839f7e682d8132d30caf"
    integrity sha512-lyuxPGr/Wfhrlem2CL/UcnUc1zcqKAImBDzukY7Y5F/yQiNdko6+fRLevlw1HgMySw7f611UIY408EtxRSoK3Q==
    dependencies:
      js-tokens "^3.0.0 || ^4.0.0"
  
  maath@^0.6.0:
    version "0.6.0"
    resolved "https://registry.npmmirror.com/maath/-/maath-0.6.0.tgz#7841d0fb95bbb37d19b08b7c5458ef70190950d2"
    integrity sha512-dSb2xQuP7vDnaYqfoKzlApeRcR2xtN8/f7WV/TMAkBC8552TwTLtOO0JTcSygkYMjNDPoo6V01jTw/aPi4JrMw==
  
  magic-string@^0.25.7:
    version "0.25.9"
    resolved "https://registry.npmmirror.com/magic-string/-/magic-string-0.25.9.tgz#de7f9faf91ef8a1c91d02c2e5314c8277dbcdd1c"
    integrity sha512-RmF0AsMzgt25qzqqLc1+MbHmhdx0ojF2Fvs4XnOqz2ZOBXzzkEwc/dJQZCYHAn7v1jbVOjAZfK8msRn4BxO4VQ==
    dependencies:
      sourcemap-codec "^1.4.8"
  
  make-dir@^2.1.0:
    version "2.1.0"
    resolved "https://registry.npmmirror.com/make-dir/-/make-dir-2.1.0.tgz#5f0310e18b8be898cc07009295a30ae41e91e6f5"
    integrity sha512-LS9X+dc8KLxXCb8dni79fLIIUA5VyZoyjSMCwTluaXA0o27cCK0bhXkpgw+sTXVpPy/lSO57ilRixqk0vDmtRA==
    dependencies:
      pify "^4.0.1"
      semver "^5.6.0"
  
  memoize-one@^6.0.0:
    version "6.0.0"
    resolved "https://registry.npmmirror.com/memoize-one/-/memoize-one-6.0.0.tgz#b2591b871ed82948aee4727dc6abceeeac8c1045"
    integrity sha512-rkpe71W0N0c0Xz6QD0eJETuWAJGnJ9afsl1srmwPrI+yBCkge5EycXXbYRyvL29zZVUWQCY7InPRCv3GDXuZNw==
  
  meshline@^3.1.6:
    version "3.1.6"
    resolved "https://registry.npmmirror.com/meshline/-/meshline-3.1.6.tgz#eee67d9b0fd9841652cc1dc2d3833093ae8e68ca"
    integrity sha512-8JZJOdaL5oz3PI/upG8JvP/5FfzYUOhrkJ8np/WKvXzl0/PZ2V9pqTvCIjSKv+w9ccg2xb+yyBhXAwt6ier3ug==
  
  mime-db@1.52.0:
    version "1.52.0"
    resolved "https://registry.npmmirror.com/mime-db/-/mime-db-1.52.0.tgz#bbabcdc02859f4987301c856e3387ce5ec43bf70"
    integrity sha512-sPU4uV7dYlvtWJxwwxHD0PuihVNiE7TyAbQ5SWxDCB9mUYvOgroQOwYQQOKPJ8CIbE+1ETVlOoK1UC2nU3gYvg==
  
  mime-types@^2.1.12:
    version "2.1.35"
    resolved "https://registry.npmmirror.com/mime-types/-/mime-types-2.1.35.tgz#381a871b62a734450660ae3deee44813f70d959a"
    integrity sha512-ZDY+bPm5zTTF+YpCrAU9nK0UgICYPT0QtT1NZWFv4s++TNkcgVaT0g6+4R2uI4MjQjzysHB1zxuWL50hzaeXiw==
    dependencies:
      mime-db "1.52.0"
  
  mime@^1.4.1:
    version "1.6.0"
    resolved "https://registry.npmmirror.com/mime/-/mime-1.6.0.tgz#32cd9e5c64553bd58d19a568af452acff04981b1"
    integrity sha512-x0Vn8spI+wuJ1O6S7gnbaQg8Pxh4NNHb7KSINmEWKiPE4RKOplvijn+NkmYmmRgP68mc70j2EbeTFRsrswaQeg==
  
  mmd-parser@^1.0.4:
    version "1.0.4"
    resolved "https://registry.npmmirror.com/mmd-parser/-/mmd-parser-1.0.4.tgz#87cc05782cb5974ca854f0303fc5147bc9d690e7"
    integrity sha512-Qi0VCU46t2IwfGv5KF0+D/t9cizcDug7qnNoy9Ggk7aucp0tssV8IwTMkBlDbm+VqAf3cdQHTCARKSsuS2MYFg==
  
  ms@2.0.0:
    version "2.0.0"
    resolved "https://registry.npmmirror.com/ms/-/ms-2.0.0.tgz#5608aeadfc00be6c2901df5f9861788de0d597c8"
    integrity sha512-Tpp60P6IUJDTuOq/5Z8cdskzJujfwqfOTkrwIwj7IRISpnkJnT6SyJ4PCPnGMoFjC9ddhal5KVIYtAt97ix05A==
  
  ms@^2.1.1:
    version "2.1.3"
    resolved "https://registry.npmmirror.com/ms/-/ms-2.1.3.tgz#574c8138ce1d2b5861f0b44579dbadd60c6615b2"
    integrity sha512-6FlzubTLZG3J2a/NVCAleEhjzq5oxgHyaCU9yYXvcLsvoVaHJq/s5xXI6/XXP6tz7R9xAOtHnSO/tXtF3WRTlA==
  
  nanoid@^3.3.6:
    version "3.3.6"
    resolved "https://registry.npmmirror.com/nanoid/-/nanoid-3.3.6.tgz#443380c856d6e9f9824267d960b4236ad583ea4c"
    integrity sha512-BGcqMMJuToF7i1rt+2PWSNVnWIkGCU78jBG3RxO/bZlnZPK2Cmi2QaffxGO/2RvWi9sL+FAiRiXMgsyxQ1DIDA==
  
  needle@^3.1.0:
    version "3.2.0"
    resolved "https://registry.npmmirror.com/needle/-/needle-3.2.0.tgz#07d240ebcabfd65c76c03afae7f6defe6469df44"
    integrity sha512-oUvzXnyLiVyVGoianLijF9O/RecZUf7TkBfimjGrLM4eQhXyeJwM6GeAWccwfQ9aa4gMCZKqhAOuLaMIcQxajQ==
    dependencies:
      debug "^3.2.6"
      iconv-lite "^0.6.3"
      sax "^1.2.4"
  
  neo4j-driver-bolt-connection@5.9.2:
    version "5.9.2"
    resolved "https://registry.npmmirror.com/neo4j-driver-bolt-connection/-/neo4j-driver-bolt-connection-5.9.2.tgz#608cc8e768454a6fd25430303465a44820fabffd"
    integrity sha512-P73QJ6zba9TCVHfdJi82fZUUK3xqdnXbr2eyL7cQmfaKyTAExpUnYSmQL7Iy5XBoHjmrpY888Tor8KXRXgirPg==
    dependencies:
      buffer "^6.0.3"
      neo4j-driver-core "5.9.2"
      string_decoder "^1.3.0"
  
  neo4j-driver-core@5.9.2:
    version "5.9.2"
    resolved "https://registry.npmmirror.com/neo4j-driver-core/-/neo4j-driver-core-5.9.2.tgz#354a2a4cb967c3202acb4e7a2d2335d3d609cb3b"
    integrity sha512-z8ZsEEH8e86RsbFUbIrz+YOU/38D316C1b6OqSOoT93IhSzRNQNnrI0pKYKUDKPvI8Ud9acmhQvtIlisZ1gQkA==
  
  neo4j-driver@^5.9.2:
    version "5.9.2"
    resolved "https://registry.npmmirror.com/neo4j-driver/-/neo4j-driver-5.9.2.tgz#9c5972ab073d16367e24f6134c3c09af99deb4d6"
    integrity sha512-yuoqA3TmR5zLky0wRSLJqLIiSglBOvc1f1sbQwgJwoLVC7AP5ucjrqs27qcAAxduolaTj2KQeLFqY3UQMYiTuA==
    dependencies:
      neo4j-driver-bolt-connection "5.9.2"
      neo4j-driver-core "5.9.2"
      rxjs "^7.8.0"
  
  node-addon-api@^1.7.1:
    version "1.7.2"
    resolved "https://registry.npmmirror.com/node-addon-api/-/node-addon-api-1.7.2.tgz#3df30b95720b53c24e59948b49532b662444f54d"
    integrity sha512-ibPK3iA+vaY1eEjESkQkM0BbCqFOaZMiXRTtdB0u7b4djtY6JnsjvPdUHVMg6xQt3B8fpTTWHI9A+ADjM9frzg==
  
  normalize-wheel-es@^1.2.0:
    version "1.2.0"
    resolved "https://registry.npmmirror.com/normalize-wheel-es/-/normalize-wheel-es-1.2.0.tgz#0fa2593d619f7245a541652619105ab076acf09e"
    integrity sha512-Wj7+EJQ8mSuXr2iWfnujrimU35R2W4FAErEyTmJoJ7ucwTn2hOUSsRehMb5RSYkxXGTM7Y9QpvPmp++w5ftoJw==
  
  object-assign@^4.1.1:
    version "4.1.1"
    resolved "https://registry.npmmirror.com/object-assign/-/object-assign-4.1.1.tgz#2109adc7965887cfc05cbbd442cac8bfbb360863"
    integrity sha512-rJgTQnkUnH1sFw8yT6VSU3zD3sWmu6sZhIseY8VX+GRu3P6F7Fu+JNDoXfklElbLJSnc3FUQHVe4cU5hj+BcUg==
  
  opentype.js@^1.3.3:
    version "1.3.4"
    resolved "https://registry.npmmirror.com/opentype.js/-/opentype.js-1.3.4.tgz#1c0e72e46288473cc4a4c6a2dc60fd7fe6020d77"
    integrity sha512-d2JE9RP/6uagpQAVtJoF0pJJA/fgai89Cc50Yp0EJHk+eLp6QQ7gBoblsnubRULNY132I0J1QKMJ+JTbMqz4sw==
    dependencies:
      string.prototype.codepointat "^0.2.1"
      tiny-inflate "^1.0.3"
  
  parse-node-version@^1.0.1:
    version "1.0.1"
    resolved "https://registry.npmmirror.com/parse-node-version/-/parse-node-version-1.0.1.tgz#e2b5dbede00e7fa9bc363607f53327e8b073189b"
    integrity sha512-3YHlOa/JgH6Mnpr05jP9eDG254US9ek25LyIxZlDItp2iJtwyaXQb57lBYLdT3MowkUFYEV2XXNAYIPlESvJlA==
  
  picocolors@^1.0.0:
    version "1.0.0"
    resolved "https://registry.npmmirror.com/picocolors/-/picocolors-1.0.0.tgz#cb5bdc74ff3f51892236eaf79d68bc44564ab81c"
    integrity sha512-1fygroTLlHu66zi26VoTDv8yRgm0Fccecssto+MhsZ0D/DGW2sm8E8AjW7NU5VVTRt5GxbeZ5qBuJr+HyLYkjQ==
  
  pify@^4.0.1:
    version "4.0.1"
    resolved "https://registry.npmmirror.com/pify/-/pify-4.0.1.tgz#4b2cd25c50d598735c50292224fd8c6df41e3231"
    integrity sha512-uB80kBFb/tfd68bVleG9T5GGsGPjJrLAUpR5PZIrhBnIaRTQRjqdJSsIKkOP6OAIFbj7GOrcudc5pNjZ+geV2g==
  
  pinia@^2.1.3:
    version "2.1.3"
    resolved "https://registry.npmmirror.com/pinia/-/pinia-2.1.3.tgz#50c70c7b4c94c109fade0ed4122231cbba72f8c5"
    integrity sha512-XNA/z/ye4P5rU1pieVmh0g/hSuDO98/a5UC8oSP0DNdvt6YtetJNHTrXwpwsQuflkGT34qKxAEcp7lSxXNjf/A==
    dependencies:
      "@vue/devtools-api" "^6.5.0"
      vue-demi ">=0.14.5"
  
  postcss@^8.1.10, postcss@^8.4.23:
    version "8.4.23"
    resolved "https://registry.npmmirror.com/postcss/-/postcss-8.4.23.tgz#df0aee9ac7c5e53e1075c24a3613496f9e6552ab"
    integrity sha512-bQ3qMcpF6A/YjR55xtoTr0jGOlnPOKAIMdOWiv0EIT6HVPEaJiJB4NLljSbiHoC2RX7DN5Uvjtpbg1NPdwv1oA==
    dependencies:
      nanoid "^3.3.6"
      picocolors "^1.0.0"
      source-map-js "^1.0.2"
  
  potpack@^1.0.1:
    version "1.0.2"
    resolved "https://registry.npmmirror.com/potpack/-/potpack-1.0.2.tgz#23b99e64eb74f5741ffe7656b5b5c4ddce8dfc14"
    integrity sha512-choctRBIV9EMT9WGAZHn3V7t0Z2pMQyl0EZE6pFc/6ml3ssw7Dlf/oAOvFwjm1HVsqfQN8GfeFyJ+d8tRzqueQ==
  
  process-nextick-args@~2.0.0:
    version "2.0.1"
    resolved "https://registry.npmmirror.com/process-nextick-args/-/process-nextick-args-2.0.1.tgz#7820d9b16120cc55ca9ae7792680ae7dba6d7fe2"
    integrity sha512-3ouUOpQhtgrbOa17J7+uxOTpITYWaGP7/AhoR3+A+/1e9skrzelGi/dXzEYyvbxubEF6Wn2ypscTKiKJFFn1ag==
  
  prop-types@^15.6.0:
    version "15.8.1"
    resolved "https://registry.npmmirror.com/prop-types/-/prop-types-15.8.1.tgz#67d87bf1a694f48435cf332c24af10214a3140b5"
    integrity sha512-oj87CgZICdulUohogVAR7AjlC0327U4el4L6eAvOqCeudMDVU0NThNaV+b9Df4dXgSP1gXMTnPdhfe/2qDH5cg==
    dependencies:
      loose-envify "^1.4.0"
      object-assign "^4.1.1"
      react-is "^16.13.1"
  
  proxy-from-env@^1.1.0:
    version "1.1.0"
    resolved "https://registry.npmmirror.com/proxy-from-env/-/proxy-from-env-1.1.0.tgz#e102f16ca355424865755d2c9e8ea4f24d58c3e2"
    integrity sha512-D+zkORCbA9f1tdWRK0RaCR3GPv50cMxcrz4X8k5LTSUD1Dkw47mKJEZQNunItRTkWwgtaUSo1RVFRIG9ZXiFYg==
  
  prr@~1.0.1:
    version "1.0.1"
    resolved "https://registry.npmmirror.com/prr/-/prr-1.0.1.tgz#d3fc114ba06995a45ec6893f484ceb1d78f5f476"
    integrity sha512-yPw4Sng1gWghHQWj0B3ZggWUm4qVbPwPFcRG8KyxiU7J2OHFSoEHKS+EZ3fv5l1t9CyCiop6l/ZYeWbrgoQejw==
  
  randombytes@^2.0.3:
    version "2.1.0"
    resolved "https://registry.npmmirror.com/randombytes/-/randombytes-2.1.0.tgz#df6f84372f0270dc65cdf6291349ab7a473d4f2a"
    integrity sha512-vYl3iOX+4CKUWuxGi9Ukhie6fsqXqS9FE2Zaic4tNFD2N2QQaXOMFbuKK4QmDHC0JO6B1Zp41J0LpT0oR68amQ==
    dependencies:
      safe-buffer "^5.1.0"
  
  react-composer@^5.0.3:
    version "5.0.3"
    resolved "https://registry.npmmirror.com/react-composer/-/react-composer-5.0.3.tgz#7beb9513da5e8687f4f434ea1333ef36a4f3091b"
    integrity sha512-1uWd07EME6XZvMfapwZmc7NgCZqDemcvicRi3wMJzXsQLvZ3L7fTHVyPy1bZdnWXM4iPjYuNE+uJ41MLKeTtnA==
    dependencies:
      prop-types "^15.6.0"
  
  react-is@^16.13.1:
    version "16.13.1"
    resolved "https://registry.npmmirror.com/react-is/-/react-is-16.13.1.tgz#789729a4dc36de2999dc156dd6c1d9c18cea56a4"
    integrity sha512-24e6ynE2H+OKt4kqsOvNd8kBpV65zoxbA4BVsEOB3ARVWQki/DHzaUoC5KuON/BiccDaCCTZBuOcfZs70kR8bQ==
  
  react-merge-refs@^1.1.0:
    version "1.1.0"
    resolved "https://registry.npmmirror.com/react-merge-refs/-/react-merge-refs-1.1.0.tgz#73d88b892c6c68cbb7a66e0800faa374f4c38b06"
    integrity sha512-alTKsjEL0dKH/ru1Iyn7vliS2QRcBp9zZPGoWxUOvRGWPUYgjo+V01is7p04It6KhgrzhJGnIj9GgX8W4bZoCQ==
  
  react-reconciler@^0.27.0:
    version "0.27.0"
    resolved "https://registry.npmmirror.com/react-reconciler/-/react-reconciler-0.27.0.tgz#360124fdf2d76447c7491ee5f0e04503ed9acf5b"
    integrity sha512-HmMDKciQjYmBRGuuhIaKA1ba/7a+UsM5FzOZsMO2JYHt9Jh8reCb7j1eDC95NOyUlKM9KRyvdx0flBuDvYSBoA==
    dependencies:
      loose-envify "^1.1.0"
      scheduler "^0.21.0"
  
  react-use-measure@^2.1.1:
    version "2.1.1"
    resolved "https://registry.npmmirror.com/react-use-measure/-/react-use-measure-2.1.1.tgz#5824537f4ee01c9469c45d5f7a8446177c6cc4ba"
    integrity sha512-nocZhN26cproIiIduswYpV5y5lQpSQS1y/4KuvUCjSKmw7ZWIS/+g3aFnX3WdBkyuGUtTLif3UTqnLLhbDoQig==
    dependencies:
      debounce "^1.2.1"
  
  readable-stream@^2.0.5:
    version "2.3.8"
    resolved "https://registry.npmmirror.com/readable-stream/-/readable-stream-2.3.8.tgz#91125e8042bba1b9887f49345f6277027ce8be9b"
    integrity sha512-8p0AUk4XODgIewSi0l8Epjs+EVnWiK7NoDIEGU0HhE7+ZyY8D1IMY7odu5lRrFXGg71L15KG8QrPmum45RTtdA==
    dependencies:
      core-util-is "~1.0.0"
      inherits "~2.0.3"
      isarray "~1.0.0"
      process-nextick-args "~2.0.0"
      safe-buffer "~5.1.1"
      string_decoder "~1.1.1"
      util-deprecate "~1.0.1"
  
  regenerator-runtime@^0.13.11:
    version "0.13.11"
    resolved "https://registry.npmmirror.com/regenerator-runtime/-/regenerator-runtime-0.13.11.tgz#f6dca3e7ceec20590d07ada785636a90cdca17f9"
    integrity sha512-kY1AZVr2Ra+t+piVaJ4gxaFaReZVH40AKNo7UCX6W+dEwBo/2oZJzqfuN1qLq1oL45o56cPaTXELwrTh8Fpggg==
  
  regexp-to-ast@0.5.0:
    version "0.5.0"
    resolved "https://registry.npmmirror.com/regexp-to-ast/-/regexp-to-ast-0.5.0.tgz#56c73856bee5e1fef7f73a00f1473452ab712a24"
    integrity sha512-tlbJqcMHnPKI9zSrystikWKwHkBqu2a/Sgw01h3zFjvYrMxEDYHzzoMZnUrbIfpTFEsoRnnviOXNCzFiSc54Qw==
  
  require-from-string@^2.0.2:
    version "2.0.2"
    resolved "https://registry.npmmirror.com/require-from-string/-/require-from-string-2.0.2.tgz#89a7fdd938261267318eafe14f9c32e598c36909"
    integrity sha512-Xf0nWe6RseziFMu+Ap9biiUbmplq6S9/p+7w7YXP/JBHhrUDDUhwa+vANyubuqfZWTveU//DYVGsDG7RKL/vEw==
  
  rollup@^3.21.0:
    version "3.21.0"
    resolved "https://registry.npmmirror.com/rollup/-/rollup-3.21.0.tgz#0a71517db56e150222670f88e5e7acfa4fede7c8"
    integrity sha512-ANPhVcyeHvYdQMUyCbczy33nbLzI7RzrBje4uvNiTDJGIMtlKoOStmympwr9OtS1LZxiDmE2wvxHyVhoLtf1KQ==
    optionalDependencies:
      fsevents "~2.3.2"
  
  rxjs@^7.8.0:
    version "7.8.1"
    resolved "https://registry.npmmirror.com/rxjs/-/rxjs-7.8.1.tgz#6f6f3d99ea8044291efd92e7c7fcf562c4057543"
    integrity sha512-AA3TVj+0A2iuIoQkWEK/tqFjBq2j+6PO6Y0zJcvzLAFhEFIO3HL0vls9hWLncZbAAbK0mar7oZ4V079I/qPMxg==
    dependencies:
      tslib "^2.1.0"
  
  safe-buffer@^5.0.1, safe-buffer@^5.1.0, safe-buffer@~5.2.0:
    version "5.2.1"
    resolved "https://registry.npmmirror.com/safe-buffer/-/safe-buffer-5.2.1.tgz#1eaf9fa9bdb1fdd4ec75f58f9cdb4e6b7827eec6"
    integrity sha512-rp3So07KcdmmKbGvgaNxQSJr7bGVSVk5S9Eq1F+ppbRo70+YeaDxkw5Dd8NPN+GD6bjnYm2VuPuCXmpuYvmCXQ==
  
  safe-buffer@~5.1.0, safe-buffer@~5.1.1:
    version "5.1.2"
    resolved "https://registry.npmmirror.com/safe-buffer/-/safe-buffer-5.1.2.tgz#991ec69d296e0313747d59bdfd2b745c35f8828d"
    integrity sha512-Gd2UZBJDkXlY7GbJxfsE8/nvKkUEU1G38c1siN6QP6a9PT9MmHB8GnpscSmMJSoF8LOIrt8ud/wPtojys4G6+g==
  
  "safer-buffer@>= 2.1.2 < 3.0.0":
    version "2.1.2"
    resolved "https://registry.npmmirror.com/safer-buffer/-/safer-buffer-2.1.2.tgz#44fa161b0187b9549dd84bb91802f9bd8385cd6a"
    integrity sha512-YZo3K82SD7Riyi0E1EQPojLz7kpepnSQI9IyPbHHg1XXXevb5dJI7tpyN2ADxGcQbHG7vcyRHk0cbwqcQriUtg==
  
  sax@^1.2.4:
    version "1.2.4"
    resolved "https://registry.npmmirror.com/sax/-/sax-1.2.4.tgz#2816234e2378bddc4e5354fab5caa895df7100d9"
    integrity sha512-NqVDv9TpANUjFm0N8uM5GxL36UgKi9/atZw+x7YFnQ8ckwFGKrl4xX4yWtrey3UJm5nP1kUbnYgLopqWNSRhWw==
  
  scheduler@^0.21.0:
    version "0.21.0"
    resolved "https://registry.npmmirror.com/scheduler/-/scheduler-0.21.0.tgz#6fd2532ff5a6d877b6edb12f00d8ab7e8f308820"
    integrity sha512-1r87x5fz9MXqswA2ERLo0EbOAU74DpIUO090gIasYTqlVoJeMcl+Z1Rg7WHz+qtPujhS/hGIt9kxZOYBV3faRQ==
    dependencies:
      loose-envify "^1.1.0"
  
  semver@^5.6.0:
    version "5.7.1"
    resolved "https://registry.npmmirror.com/semver/-/semver-5.7.1.tgz#a954f931aeba508d307bbf069eff0c01c96116f7"
    integrity sha512-sauaDf/PZdVgrLTNYHRtpXa1iRiKcaebiKQ1BJdpQlWH2lCvexQdX55snPFyK7QzpudqbCI0qXFfOasHdyNDGQ==
  
  simple-websocket@^5.0.0:
    version "5.1.1"
    resolved "https://registry.npmmirror.com/simple-websocket/-/simple-websocket-5.1.1.tgz#ad46492f95b80405b95dfe2a43d4586e8a571646"
    integrity sha512-1yCq3y3XtzENKnCT5ycsV2f45PlQoIQOKeSlOMQ43Z2rKkIxLsJz3dZRRccHJE/rdbMozLUl/SRisdLchX2TrQ==
    dependencies:
      debug "^3.1.0"
      inherits "^2.0.1"
      randombytes "^2.0.3"
      readable-stream "^2.0.5"
      safe-buffer "^5.0.1"
      ws "^3.3.1"
  
  source-map-js@^1.0.2:
    version "1.0.2"
    resolved "https://registry.npmmirror.com/source-map-js/-/source-map-js-1.0.2.tgz#adbc361d9c62df380125e7f161f71c826f1e490c"
    integrity sha512-R0XvVJ9WusLiqTCEiGCmICCMplcCkIwwR11mOSD9CR5u+IXYdiseeEuXCVAjS54zqwkLcPNnmU4OeJ6tUrWhDw==
  
  source-map@^0.6.1, source-map@~0.6.0:
    version "0.6.1"
    resolved "https://registry.npmmirror.com/source-map/-/source-map-0.6.1.tgz#74722af32e9614e9c287a8d0bbde48b5e2f1a263"
    integrity sha512-UjgapumWlbMhkBgzT7Ykc5YXUT46F0iKu8SGXq0bcwP5dz/h0Plj6enJqjz1Zbq2l5WaqYnrVbwWOWMyF3F47g==
  
  sourcemap-codec@^1.4.8:
    version "1.4.8"
    resolved "https://registry.npmmirror.com/sourcemap-codec/-/sourcemap-codec-1.4.8.tgz#ea804bd94857402e6992d05a38ef1ae35a9ab4c4"
    integrity sha512-9NykojV5Uih4lgo5So5dtw+f0JgJX30KCNI8gwhz2J9A15wD0Ml6tjHKwf6fTSa6fAdVBdZeNOs9eJ71qCk8vA==
  
  stats-gl@^1.0.4:
    version "1.0.4"
    resolved "https://registry.npmmirror.com/stats-gl/-/stats-gl-1.0.4.tgz#a6fb1a9605545558857895c743978ed44258f0b8"
    integrity sha512-oxo13HHonoMWIYcrIu4xCk8IcFEFaqAOkMOMIyfvZFxNZzGy+jnW8sy0W3VfEjKQd5JX0Kp2KhePAKhtI6/TSw==
  
  stats.js@^0.17.0:
    version "0.17.0"
    resolved "https://registry.npmmirror.com/stats.js/-/stats.js-0.17.0.tgz#b1c3dc46d94498b578b7fd3985b81ace7131cc7d"
    integrity sha512-hNKz8phvYLPEcRkeG1rsGmV5ChMjKDAWU7/OJJdDErPBNChQXxCo3WZurGpnWc6gZhAzEPFad1aVgyOANH1sMw==
  
  string.prototype.codepointat@^0.2.1:
    version "0.2.1"
    resolved "https://registry.npmmirror.com/string.prototype.codepointat/-/string.prototype.codepointat-0.2.1.tgz#004ad44c8afc727527b108cd462b4d971cd469bc"
    integrity sha512-2cBVCj6I4IOvEnjgO/hWqXjqBGsY+zwPmHl12Srk9IXSZ56Jwwmy+66XO5Iut/oQVR7t5ihYdLB0GMa4alEUcg==
  
  string_decoder@^1.3.0:
    version "1.3.0"
    resolved "https://registry.npmmirror.com/string_decoder/-/string_decoder-1.3.0.tgz#42f114594a46cf1a8e30b0a84f56c78c3edac21e"
    integrity sha512-hkRX8U1WjJFd8LsDJ2yQ/wWWxaopEsABU1XfkM8A+j0+85JAGppt16cr1Whg6KIbb4okU6Mql6BOj+uup/wKeA==
    dependencies:
      safe-buffer "~5.2.0"
  
  string_decoder@~1.1.1:
    version "1.1.1"
    resolved "https://registry.npmmirror.com/string_decoder/-/string_decoder-1.1.1.tgz#9cf1611ba62685d7030ae9e4ba34149c3af03fc8"
    integrity sha512-n/ShnvDi6FHbbVfviro+WojiFzv+s8MPMHBczVePfUpDJLwoLT0ht1l4YwBCbi8pJAveEEdnkHyPyTP/mzRfwg==
    dependencies:
      safe-buffer "~5.1.0"
  
  suspend-react@^0.1.3:
    version "0.1.3"
    resolved "https://registry.npmmirror.com/suspend-react/-/suspend-react-0.1.3.tgz#a52f49d21cfae9a2fb70bd0c68413d3f9d90768e"
    integrity sha512-aqldKgX9aZqpoDp3e8/BZ8Dm7x1pJl+qI3ZKxDN0i/IQTWUwBx/ManmlVJ3wowqbno6c2bmiIfs+Um6LbsjJyQ==
  
  three-mesh-bvh@^0.6.0:
    version "0.6.3"
    resolved "https://registry.npmmirror.com/three-mesh-bvh/-/three-mesh-bvh-0.6.3.tgz#c387d6ae7faf1c5a1caf0643c19535dab27d707b"
    integrity sha512-xjuGLSI9nBATIsWcT/DnnNma5xXYyvBiXfUbhGLAFqItOlOKYF5JWsUOX+cuSAnSWovEoHzd5Emx23qKiByrlw==
  
  three-stdlib@^2.23.13, three-stdlib@^2.23.9:
    version "2.23.13"
    resolved "https://registry.npmmirror.com/three-stdlib/-/three-stdlib-2.23.13.tgz#2647b9b6b93e9a257efb6d14c1b9af7a0f938439"
    integrity sha512-WU4XHs4E6szAyoREzTs5bUAc1WFadiz5jRjNlA7aIIqf+raT4jfA320P0XmlyZz/wJwmpZnOuki4kAFsmadkTQ==
    dependencies:
      "@types/draco3d" "^1.4.0"
      "@types/offscreencanvas" "^2019.6.4"
      "@types/webxr" "^0.5.2"
      chevrotain "^10.1.2"
      draco3d "^1.4.1"
      fflate "^0.6.9"
      ktx-parse "^0.4.5"
      mmd-parser "^1.0.4"
      opentype.js "^1.3.3"
      potpack "^1.0.1"
      zstddec "^0.0.2"
  
  three@^0.154.0:
    version "0.154.0"
    resolved "https://registry.npmmirror.com/three/-/three-0.154.0.tgz#dbef21e10fe6015ec283acc60d0eb58733991e27"
    integrity sha512-Uzz8C/5GesJzv8i+Y2prEMYUwodwZySPcNhuJUdsVMH2Yn4Nm8qlbQe6qRN5fOhg55XB0WiLfTPBxVHxpE60ug==
  
  tiny-inflate@^1.0.3:
    version "1.0.3"
    resolved "https://registry.npmmirror.com/tiny-inflate/-/tiny-inflate-1.0.3.tgz#122715494913a1805166aaf7c93467933eea26c4"
    integrity sha512-pkY1fj1cKHb2seWDy0B16HeWyczlJA9/WW3u3c4z/NiWDsO3DOU5D7nhTLE9CF0yXv/QZFY7sEJmj24dK+Rrqw==
  
  tinycolor2@^1.6.0:
    version "1.6.0"
    resolved "https://registry.npmmirror.com/tinycolor2/-/tinycolor2-1.6.0.tgz#f98007460169b0263b97072c5ae92484ce02d09e"
    integrity sha512-XPaBkWQJdsf3pLKJV9p4qN/S+fm2Oj8AIPo1BTUhg5oxkvm9+SVEGFdhyOz7tTdUTfvxMiAs4sp6/eZO2Ew+pw==
  
  troika-three-text@^0.47.2:
    version "0.47.2"
    resolved "https://registry.npmmirror.com/troika-three-text/-/troika-three-text-0.47.2.tgz#fdf89059c010563bb829262b20c41f69ca79b712"
    integrity sha512-qylT0F+U7xGs+/PEf3ujBdJMYWbn0Qci0kLqI5BJG2kW1wdg4T1XSxneypnF05DxFqJhEzuaOR9S2SjiyknMng==
    dependencies:
      bidi-js "^1.0.2"
      troika-three-utils "^0.47.2"
      troika-worker-utils "^0.47.2"
      webgl-sdf-generator "1.1.1"
  
  troika-three-utils@^0.47.2:
    version "0.47.2"
    resolved "https://registry.npmmirror.com/troika-three-utils/-/troika-three-utils-0.47.2.tgz#af49ca694245dce631963d5fefe4e8e1b8af9044"
    integrity sha512-/28plhCxfKtH7MSxEGx8e3b/OXU5A0xlwl+Sbdp0H8FXUHKZDoksduEKmjQayXYtxAyuUiCRunYIv/8Vi7aiyg==
  
  troika-worker-utils@^0.47.2:
    version "0.47.2"
    resolved "https://registry.npmmirror.com/troika-worker-utils/-/troika-worker-utils-0.47.2.tgz#e7c5de5f37d56c072b13fa8112bb844e048ff46c"
    integrity sha512-mzss4MeyzUkYBppn4x5cdAqrhBHFEuVmMMgLMTyFV23x6GvQMyo+/R5E5Lsbrt7WSt5RfvewjcwD1DChRTA9lA==
  
  tslib@^2.1.0:
    version "2.5.0"
    resolved "https://registry.npmmirror.com/tslib/-/tslib-2.5.0.tgz#42bfed86f5787aeb41d031866c8f402429e0fddf"
    integrity sha512-336iVw3rtn2BUK7ORdIAHTyxHGRIHVReokCR3XjbckJMK7ms8FysBfhLR8IXnAgy7T0PTPNBWKiH514FOW/WSg==
  
  tslib@^2.3.0:
    version "2.5.2"
    resolved "https://registry.npmmirror.com/tslib/-/tslib-2.5.2.tgz#1b6f07185c881557b0ffa84b111a0106989e8338"
    integrity sha512-5svOrSA2w3iGFDs1HibEVBGbDrAY82bFQ3HZ3ixB+88nsbsWQoKqDRb5UBYAUPEzbBn6dAp5gRNXglySbx1MlA==
  
  ultron@~1.1.0:
    version "1.1.1"
    resolved "https://registry.npmmirror.com/ultron/-/ultron-1.1.1.tgz#9fe1536a10a664a65266a1e3ccf85fd36302bc9c"
    integrity sha512-UIEXBNeYmKptWH6z8ZnqTeS8fV74zG0/eRU9VGkpzz+LIJNs8W/zM/L+7ctCkRrgbNnnR0xxw4bKOr0cW0N0Og==
  
  util-deprecate@~1.0.1:
    version "1.0.2"
    resolved "https://registry.npmmirror.com/util-deprecate/-/util-deprecate-1.0.2.tgz#450d4dc9fa70de732762fbd2d4a28981419a0ccf"
    integrity sha512-EPD5q1uXyFxJpCrLnCc1nHnq3gOa6DZBocAIiI2TaSCA7VCJ1UJDMagCzIkXNsUYfD1daK//LTEQ8xiIbrHtcw==
  
  utility-types@^3.10.0:
    version "3.10.0"
    resolved "https://registry.npmmirror.com/utility-types/-/utility-types-3.10.0.tgz#ea4148f9a741015f05ed74fd615e1d20e6bed82b"
    integrity sha512-O11mqxmi7wMKCo6HKFt5AhO4BwY3VV68YU07tgxfz8zJTIxr4BpsezN49Ffwy9j3ZpwwJp4fkRwjRzq3uWE6Rg==
  
  v@^0.3.0:
    version "0.3.0"
    resolved "https://registry.npmmirror.com/v/-/v-0.3.0.tgz#475af8a6196f66e4da8b3375d5e9ee7db76f681f"
    integrity sha512-9grXbMw2B4ScMvE9iL2tre9Qfy46zWDNjSptgFCraHfgqRQMhPlWkFHKvUOKjBFvOAxeRTiaY6SySPLXFBt2oQ==
    dependencies:
      debug "^2.6.1"
      simple-websocket "^5.0.0"
    optionalDependencies:
      deasync "^0.1.9"
  
  vite@^4.3.2:
    version "4.3.3"
    resolved "https://registry.npmmirror.com/vite/-/vite-4.3.3.tgz#26adb4aa01439fc4546c480ea547674d87289396"
    integrity sha512-MwFlLBO4udZXd+VBcezo3u8mC77YQk+ik+fbc0GZWGgzfbPP+8Kf0fldhARqvSYmtIWoAJ5BXPClUbMTlqFxrA==
    dependencies:
      esbuild "^0.17.5"
      postcss "^8.4.23"
      rollup "^3.21.0"
    optionalDependencies:
      fsevents "~2.3.2"
  
  vue-demi@*:
    version "0.14.1"
    resolved "https://registry.npmmirror.com/vue-demi/-/vue-demi-0.14.1.tgz#1ed9af03a27642762bfed83d8750805302d0398d"
    integrity sha512-rt+yuCtXvscYot9SQQj3WKZJVSriPNqVkpVBNEHPzSgBv7QIYzsS410VqVgvx8f9AAPgjg+XPKvmV3vOqqkJQQ==
  
  vue-demi@>=0.14.5:
    version "0.14.5"
    resolved "https://registry.npmmirror.com/vue-demi/-/vue-demi-0.14.5.tgz#676d0463d1a1266d5ab5cba932e043d8f5f2fbd9"
    integrity sha512-o9NUVpl/YlsGJ7t+xuqJKx8EBGf1quRhCiT6D/J0pfwmk9zUwYkC7yrF4SZCe6fETvSM3UNL2edcbYrSyc4QHA==
  
  vue-router@^4.2.1:
    version "4.2.1"
    resolved "https://registry.npmmirror.com/vue-router/-/vue-router-4.2.1.tgz#f8ab85c89e74682cad71519480fdf2b855e8c9e0"
    integrity sha512-nW28EeifEp8Abc5AfmAShy5ZKGsGzjcnZ3L1yc2DYUo+MqbBClrRP9yda3dIekM4I50/KnEwo1wkBLf7kHH5Cw==
    dependencies:
      "@vue/devtools-api" "^6.5.0"
  
  vue@^3.2.47:
    version "3.2.47"
    resolved "https://registry.npmmirror.com/vue/-/vue-3.2.47.tgz#3eb736cbc606fc87038dbba6a154707c8a34cff0"
    integrity sha512-60188y/9Dc9WVrAZeUVSDxRQOZ+z+y5nO2ts9jWXSTkMvayiWxCWOWtBQoYjLeccfXkiiPZWAHcV+WTPhkqJHQ==
    dependencies:
      "@vue/compiler-dom" "3.2.47"
      "@vue/compiler-sfc" "3.2.47"
      "@vue/runtime-dom" "3.2.47"
      "@vue/server-renderer" "3.2.47"
      "@vue/shared" "3.2.47"
  
  vuetify@^3.2.2:
    version "3.2.2"
    resolved "https://registry.npmmirror.com/vuetify/-/vuetify-3.2.2.tgz#a4a39bec15e96b4f9f9be6353e19f156abd91c35"
    integrity sha512-syFfeZVH6dycltqVCx4tDn68fR3r697+Jt7vJW1l3i9a5ClnwpdRBWtE6dt2bjClS2K/VpWYt+rAsLiG7sGU/g==
  
  webgl-constants@^1.1.1:
    version "1.1.1"
    resolved "https://registry.npmmirror.com/webgl-constants/-/webgl-constants-1.1.1.tgz#f9633ee87fea56647a60b9ce735cbdfb891c6855"
    integrity sha512-LkBXKjU5r9vAW7Gcu3T5u+5cvSvh5WwINdr0C+9jpzVB41cjQAP5ePArDtk/WHYdVj0GefCgM73BA7FlIiNtdg==
  
  webgl-sdf-generator@1.1.1:
    version "1.1.1"
    resolved "https://registry.npmmirror.com/webgl-sdf-generator/-/webgl-sdf-generator-1.1.1.tgz#3e1b422b3d87cd3cc77f2602c9db63bc0f6accbd"
    integrity sha512-9Z0JcMTFxeE+b2x1LJTdnaT8rT8aEp7MVxkNwoycNmJWwPdzoXzMh0BjJSh/AEFP+KPYZUli814h8bJZFIZ2jA==
  
  ws@^3.3.1:
    version "3.3.3"
    resolved "https://registry.npmmirror.com/ws/-/ws-3.3.3.tgz#f1cf84fe2d5e901ebce94efaece785f187a228f2"
    integrity sha512-nnWLa/NwZSt4KQJu51MYlCcSQ5g7INpOrOMt4XV8j4dqTXdmlUmSHQ8/oLC069ckre0fRsgfvsKwbTdtKLCDkA==
    dependencies:
      async-limiter "~1.0.0"
      safe-buffer "~5.1.0"
      ultron "~1.1.0"
  
  zstddec@^0.0.2:
    version "0.0.2"
    resolved "https://registry.npmmirror.com/zstddec/-/zstddec-0.0.2.tgz#57e2f28dd1ff56b750e07d158a43f0611ad9eeb4"
    integrity sha512-DCo0oxvcvOTGP/f5FA6tz2Z6wF+FIcEApSTu0zV5sQgn9hoT5lZ9YRAKUraxt9oP7l4e8TnNdi8IZTCX6WCkwA==
  
  zustand@^3.5.13, zustand@^3.7.1:
    version "3.7.2"
    resolved "https://registry.npmmirror.com/zustand/-/zustand-3.7.2.tgz#7b44c4f4a5bfd7a8296a3957b13e1c346f42514d"
    integrity sha512-PIJDIZKtokhof+9+60cpockVOq05sJzHCriyvaLBmEJixseQ1a5Kdov6fWZfWOu5SK9c+FhH1jU0tntLxRJYMA==
